Built from '6000.4/staging' branch; Version is '6000.4.6f1 (0b051c2e5d54) revision 722204'; Using compiler version '194234433'; Build Type 'Release'
[Licensing::Module] Trying to connect to existing licensing client channel...
OS: 'Windows 11  (10.0.26200) Core' Language: 'ko' Physical Memory: 16023 MB
BatchMode: 1, IsHumanControllingUs: 0, StartBugReporterOnCrash: 0, Is64bit: 1
System  architecture: x64
Process architecture: x64
Date: 2026-05-13T08:20:24Z
[Licensing::IpcConnector] Successfully connected to: "LicenseClient-woo54" at "2026-05-13T08:20:24.4098433Z"

COMMAND LINE ARGUMENTS:
C:\Program Files\Unity\Hub\Editor\6000.4.6f1\Editor\Unity.exe
-adb2
-batchMode
-noUpm
-name
AssetImportWorker0
-projectPath
C:/Users/woo54/ShiftRunner/ProjectRunner
-logFile
Logs/AssetImportWorker0.log
-srvPort
55277
-licensingIpc
LicenseClient-woo54
-force-d3d12
-job-worker-count
3
-background-job-worker-count
8
-gc-helper-count
1
-name
AssetImport
Successfully changed project path to: C:/Users/woo54/ShiftRunner/ProjectRunner
C:/Users/woo54/ShiftRunner/ProjectRunner
[UnityMemory] Configuration Parameters - Can be set up in boot.config
    "memorysetup-temp-allocator-size-gi-baking-worker=262144"
    "memorysetup-temp-allocator-size-gi-baking-worker=262144"
    "memorysetup-temp-allocator-size-gi-baking-worker=262144"
    "memorysetup-temp-allocator-size-gi-baking-worker=262144"
    "memorysetup-temp-allocator-size-gi-baking-worker=262144"
    "memorysetup-temp-allocator-size-nav-mesh-worker=65536"
    "memorysetup-temp-allocator-size-audio-worker=65536"
    "memorysetup-temp-allocator-size-cloud-worker=32768"
    "memorysetup-temp-allocator-size-gfx=262144"
    "memorysetup-temp-allocator-size-preload-manager=33554432"
    "memorysetup-temp-allocator-size-job-worker=262144"
    "memorysetup-temp-allocator-size-background-worker=32768"
    "memorysetup-allocator-temp-initial-block-size-main=262144"
    "memorysetup-allocator-temp-initial-block-size-worker=262144"
    "memorysetup-bucket-allocator-granularity=16"
    "memorysetup-bucket-allocator-bucket-count=8"
    "memorysetup-bucket-allocator-block-size=33554432"
    "memorysetup-bucket-allocator-block-count=8"
    "memorysetup-main-allocator-block-size=16777216"
    "memorysetup-thread-allocator-block-size=16777216"
    "memorysetup-gfx-main-allocator-block-size=16777216"
    "memorysetup-gfx-thread-allocator-block-size=16777216"
    "memorysetup-cache-allocator-block-size=4194304"
    "memorysetup-typetree-allocator-block-size=2097152"
    "memorysetup-profiler-bucket-allocator-granularity=16"
    "memorysetup-profiler-bucket-allocator-bucket-count=8"
    "memorysetup-profiler-bucket-allocator-block-size=33554432"
    "memorysetup-profiler-bucket-allocator-block-count=8"
    "memorysetup-profiler-allocator-block-size=16777216"
    "memorysetup-profiler-editor-allocator-block-size=1048576"
    "memorysetup-temp-allocator-size-main=16777216"
    "memorysetup-job-temp-allocator-block-size=2097152"
    "memorysetup-job-temp-allocator-block-size-background=1048576"
    "memorysetup-job-temp-allocator-reduction-small-platforms=262144"
Player connection [16168]  Target information:

Player connection [16168]  * "[IP] 172.16.30.236 [Port] 0 [Flags] 2 [Guid] 2073315899 [EditorId] 2073315899 [Version] 1048832 [Id] WindowsEditor(7,DESKTOP-6SJNF32) [Debug] 1 [PackageName] WindowsEditor [ProjectName] Editor" 

Player connection [16168] Host joined multi-casting on [225.0.0.222:54997]...
Player connection [16168] Host joined alternative multi-casting on [225.0.0.222:34997]...
JobSystem: Creating JobQueue using job-worker-count value 3
Input System module state changed to: Initialized.
[Physics::Module] Initialized fallback backend.
[Physics::Module] Id: 0xdecafbad
Library Redirect Path: Library/
[Physics::Module] Selected backend.
[Physics::Module] Name: PhysX
[Physics::Module] Id: 0xf2b8ea05
[Physics::Module] SDK Version: 4.1.2
[Physics::Module] Integration Version: 1.0.0
[Physics::Module] Threading Mode: Multi-Threaded
Refreshing native plugins compatible for Editor in 52.63 ms, found 4 plugins.
Initialize engine version: 6000.4.6f1 (0b051c2e5d54)
[Subsystems] Discovering subsystems at path C:/Program Files/Unity/Hub/Editor/6000.4.6f1/Editor/Data/Resources/UnitySubsystems
[Subsystems] Discovering subsystems at path C:/Users/woo54/ShiftRunner/ProjectRunner/Assets
Forcing GfxDevice: Direct3D 12
GfxDevice: creating device client; kGfxThreadingModeNonThreaded
d3d12: failed to query info queue interface (0x80004002).
Direct3D:
    Version:         Direct3D 12 [level 12.1]
    Renderer:        Intel(R) Iris(R) Xe Graphics (ID=0x9a49)
    Vendor:          Intel
    VRAM:            8011 MB
    App VRAM Budget: 7355 MB
    Driver:          30.0.100.9864
    Unified Memory Architecture
    Cache Coherent UMA
Initialize mono
Mono path[0] = 'C:/Program Files/Unity/Hub/Editor/6000.4.6f1/Editor/Data/Managed'
Mono path[1] = 'C:/Program Files/Unity/Hub/Editor/6000.4.6f1/Editor/Data/MonoBleedingEdge/lib/mono/unityjit-win32'
Mono config path = 'C:/Program Files/Unity/Hub/Editor/6000.4.6f1/Editor/Data/MonoBleedingEdge/etc'
Using monoOptions --debugger-agent=transport=dt_socket,embedding=1,server=y,suspend=n,address=127.0.0.1:56012
CodeReloadManager initialized
Begin MonoManager ReloadAssembly
Registering precompiled unity dll's ...
Register platform support module: C:/Program Files/Unity/Hub/Editor/6000.4.6f1/Editor/Data/PlaybackEngines/WindowsStandaloneSupport/UnityEditor.WindowsStandalone.Extensions.dll
Registered in 0.120209 seconds.
Native extension for WindowsStandalone target not found
Package Manager log level set to [2]
[Package Manager] Failed to launch server process. Reason: Unity was launched with the -noUpm command-line argument
[Package Manager] Unable to send message (not connected to server process).
[Package Manager] Cannot connect to Unity Package Manager local server
ScheduleIndexationOnStartup MainProcess:False IndexOnStartup:True
Mono: successfully reloaded assembly
- Finished resetting the current domain, in  3.475 seconds
Domain Reload Profiling: 9292ms
	BeginReloadAssembly (1531ms)
	RebuildCommonClasses (1477ms)
	RebuildNativeTypeToScriptingClass (67ms)
	initialDomainReloadingComplete (1243ms)
	LoadAllAssembliesAndSetupDomain (1407ms)
		LoadAssemblies (1393ms)
		AnalyzeDomain (1371ms)
			TypeCache.Refresh (1365ms)
				TypeCache.ScanAssembly (1227ms)
	FinalizeReload (3567ms)
		SetupLoadedEditorAssemblies (0ms)
			InitializePlatformSupportModulesInManaged (295ms)
			BeforeProcessingInitializeOnLoad (1042ms)
			ProcessInitializeOnLoadAttributes (602ms)
			ProcessInitializeOnLoadMethodAttributes (793ms)
========================================================================
Worker process is ready to serve import requests
Import Worker Mode flag is 0x00
[Licensing::Client] Error: HandshakeResponse reported an error:
	ResponseCode: 505
	ResponseStatus: Unsupported protocol version '1.18.1'.
[Licensing::Module] Error: Failed to handshake to channel: "LicenseClient-woo54"
[Licensing::IpcConnector] LicenseClient-woo54 channel disconnected successfully.
[Licensing::IpcConnector] Successfully connected to: "LicenseClient-woo54-6000.4.6" at "2026-05-13T08:20:41.4365127Z"
[Licensing::Client] Code 10 while verifying Licensing Client signature (process Id: 27652, path: "C:/Program Files/Unity/Hub/Editor/6000.4.6f1/Editor/Data/Resources/Licensing/Client/Unity.Licensing.Client.exe")
[Licensing::Module] LicensingClient has failed validation; ignoring
[Licensing::Client] Handshaking with LicensingClient:
  Version:                 1.18.1+9fbee8e
  Session Id:              b4a8b152a5ba4d1fb7d632d33db9cecc
  Correlation Id:          e06b82012780ac8acca386c2461dca99
  External correlation Id: 1683806753395090099
  Machine Id:              ESQUOVeMcbrJas9wvzRmuqFD1AA=
[Licensing::Module] Successfully connected to LicensingClient on channel: "LicenseClient-woo54-6000.4.6" (connect: 0.00s, validation: 0.00s, handshake: 0.11s)
[Licensing::IpcConnector] Successfully connected to: "LicenseClient-woo54-6000.4.6-notifications" at "2026-05-13T08:20:41.5517594Z"
[Licensing::Module] Licensing Background thread has ended after 17.16s
Begin MonoManager ReloadAssembly
[Licensing::Client] Successfully resolved entitlement details
[Licensing::Module] License group:
  Id: 14569623918176-UnityPersXXXX
  Product: Unity Personal
  Type: Assigned
  Expiration: Unlimited
Assembly Assembly-CSharp-Editor-firstpass.dll at Library/ScriptAssemblies/Assembly-CSharp-Editor-firstpass.dll not valid. Loading of assembly skipped.
Assembly Assembly-CSharp-Editor.dll at Library/ScriptAssemblies/Assembly-CSharp-Editor.dll not valid. Loading of assembly skipped.
Assembly Assembly-CSharp-firstpass.dll at Library/ScriptAssemblies/Assembly-CSharp-firstpass.dll not valid. Loading of assembly skipped.
Assembly DocCodeExamples.dll at Library/ScriptAssemblies/DocCodeExamples.dll not valid. Loading of assembly skipped.
Assembly TestNewCustomAssembly.dll at Library/ScriptAssemblies/TestNewCustomAssembly.dll not valid. Loading of assembly skipped.
Assembly Unity.InputSystem.IntegrationTests.dll at Library/ScriptAssemblies/Unity.InputSystem.IntegrationTests.dll not valid. Loading of assembly skipped.
Assembly Unity.Multiplayer.Center.Editor.Tests.dll at Library/ScriptAssemblies/Unity.Multiplayer.Center.Editor.Tests.dll not valid. Loading of assembly skipped.
Assembly Unity.Multiplayer.Center.Tests.dll at Library/ScriptAssemblies/Unity.Multiplayer.Center.Tests.dll not valid. Loading of assembly skipped.
Assembly Unity.Performance.Profile-Analyzer.EditorTests.dll at Library/ScriptAssemblies/Unity.Performance.Profile-Analyzer.EditorTests.dll not valid. Loading of assembly skipped.
Assembly Unity.Settings.Tests.dll at Library/ScriptAssemblies/Unity.Settings.Tests.dll not valid. Loading of assembly skipped.
Assembly Unity.TestTools.CodeCoverage.Editor.Compatibility.dll at Library/ScriptAssemblies/Unity.TestTools.CodeCoverage.Editor.Compatibility.dll not valid. Loading of assembly skipped.
Assembly Unity.TextMeshPro.Editor.Tests.dll at Library/ScriptAssemblies/Unity.TextMeshPro.Editor.Tests.dll not valid. Loading of assembly skipped.
Assembly Unity.TextMeshPro.Tests.dll at Library/ScriptAssemblies/Unity.TextMeshPro.Tests.dll not valid. Loading of assembly skipped.
Assembly UnityEditor.UI.Common.Tests.dll at Library/ScriptAssemblies/UnityEditor.UI.Common.Tests.dll not valid. Loading of assembly skipped.
Assembly UnityEditor.UI.EditorTests.dll at Library/ScriptAssemblies/UnityEditor.UI.EditorTests.dll not valid. Loading of assembly skipped.
Assembly UnityEngine.UI.Tests.dll at Library/ScriptAssemblies/UnityEngine.UI.Tests.dll not valid. Loading of assembly skipped.
Refreshing native plugins compatible for Editor in 34.03 ms, found 4 plugins.
Native extension for WindowsStandalone target not found
[Package Manager] Failed to launch server process. Reason: Unity was launched with the -noUpm command-line argument
[Package Manager] Unable to send message (not connected to server process).
[Package Manager] Cannot connect to Unity Package Manager local server
Refreshing native plugins compatible for Editor in 17.21 ms, found 4 plugins.
[Package Manager] Failed to launch server process. Reason: Unity was launched with the -noUpm command-line argument
[Package Manager] Unable to send message (not connected to server process).
[Package Manager] Cannot connect to Unity Package Manager local server
ScheduleIndexationOnStartup MainProcess:False IndexOnStartup:True
Mono: successfully reloaded assembly
- Finished resetting the current domain, in  4.071 seconds
Domain Reload Profiling: 8746ms
	BeginReloadAssembly (1354ms)
		DisableScriptedObjects (24ms)
		CreateAndSetChildDomain (133ms)
	RebuildCommonClasses (154ms)
	RebuildNativeTypeToScriptingClass (54ms)
	initialDomainReloadingComplete (911ms)
	LoadAllAssembliesAndSetupDomain (2201ms)
		LoadAssemblies (2341ms)
		AnalyzeDomain (753ms)
			TypeCache.Refresh (617ms)
				TypeCache.ScanAssembly (558ms)
			BuildScriptInfoCaches (117ms)
			ResolveRequiredComponents (15ms)
	FinalizeReload (4073ms)
		SetupLoadedEditorAssemblies (0ms)
			InitializePlatformSupportModulesInManaged (12ms)
			BeforeProcessingInitializeOnLoad (724ms)
			ProcessInitializeOnLoadAttributes (1729ms)
			ProcessInitializeOnLoadMethodAttributes (255ms)
			AfterProcessingInitializeOnLoad (138ms)
		ExecutionOrderSort2 (121ms)
		AwakeInstancesAfterBackupRestoration (82ms)
Launched and connected shader compiler UnityShaderCompiler.exe after 0.07 seconds
Refreshing native plugins compatible for Editor in 43.63 ms, found 4 plugins.
Unloading 0 Unused Serialized files (Serialized files now loaded: 0)
Unloading 4151 unused Assets / (160.3 KB). Loaded Objects now: 4737.
Memory consumption went from 95.9 MB to 95.8 MB.
Total: 38.270600 ms (FindLiveObjects: 2.527800 ms CreateObjectMapping: 1.870300 ms MarkObjects: 25.278400 ms  DeleteObjects: 8.588500 ms)

========================================================================
Received Import Request.
  Time since last request: 186301.891070 seconds.
  path: Assets/AlexMakes3D/Characters/Futuristic girl/Materials/Futuristic_Girl_Armor Blue.mat
  importAddress: Guid(5fef3cb3b093ca345abcc04463a98521) Importer(2089858483,b0f066a214c2f5e87bad3c948f4d605d)
Start importing Assets/AlexMakes3D/Characters/Futuristic girl/Materials/Futuristic_Girl_Armor Blue.mat using Guid(5fef3cb3b093ca345abcc04463a98521) Importer(2089858483,b0f066a214c2f5e87bad3c948f4d605d) (ScriptedImporter) -> (Import Result ID: 'c718e80aa4b6ca62113ca2b7191985d8') in 0.8994472 seconds [static and dynamic dependencies]. Details - ImportResultOutputID=4ad5c805f124cff38880d10dcc9a9ca2 DependenciesID=864dcd7d511991821a797b692c138690 StaticDependenciesID=f2d735375ff8538f7c4d530ddb8db276 
Number of updated asset objects reloaded before import = 0Number of asset objects unloaded after import = 6

========================================================================
Received Import Request.
  Time since last request: 0.000065 seconds.
  path: Assets/My_Assets/Nomadic_UV/Foe_Creature/Texture/Foe_Emissive.png
  importAddress: Guid(51e0d6182e2f1ab4a9f6cadcfa513d23) Importer(2089858483,b0f066a214c2f5e87bad3c948f4d605d)
Start importing Assets/My_Assets/Nomadic_UV/Foe_Creature/Texture/Foe_Emissive.png using Guid(51e0d6182e2f1ab4a9f6cadcfa513d23) Importer(2089858483,b0f066a214c2f5e87bad3c948f4d605d) (ScriptedImporter) -> (Import Result ID: '3123aa211dc00f9dedd7e634549450d7') in 0.3001368 seconds [static and dynamic dependencies]. Details - ImportResultOutputID=e335b7b77d86b58de58516d046f8e2ac DependenciesID=88d3d4e68613b6d047edd8a0ab78a936 StaticDependenciesID=5c53dd53d3e95f1baa2440e34f22526e 
Number of updated asset objects reloaded before import = 0Number of asset objects unloaded after import = 1

========================================================================
Received Import Request.
  Time since last request: 0.000820 seconds.
  path: Assets/AlexMakes3D/Characters/Futuristic girl/Textures/Futuristiс_Girl_Armor_Mask1.png
  importAddress: Guid(5fecf0d7e37e1024f8a48d49ceb033de) Importer(2089858483,b0f066a214c2f5e87bad3c948f4d605d)
Start importing Assets/AlexMakes3D/Characters/Futuristic girl/Textures/Futuristiс_Girl_Armor_Mask1.png using Guid(5fecf0d7e37e1024f8a48d49ceb033de) Importer(2089858483,b0f066a214c2f5e87bad3c948f4d605d) (ScriptedImporter) -> (Import Result ID: '002ab342b5ec33704dfaa7d5cc40fc80') in 0.2230018 seconds [static and dynamic dependencies]. Details - ImportResultOutputID=36607db59dc6c4a31d8cd1eb25c5760d DependenciesID=502c3624cddd801695a55e3df0ad9998 StaticDependenciesID=320e9fde41770ca2a09ba92a42f9ae0d 
Number of updated asset objects reloaded before import = 0Number of asset objects unloaded after import = 1

========================================================================
Received Import Request.
  Time since last request: 0.001249 seconds.
  path: Assets/01. Scenes/SampleScene.unity
  importAddress: Guid(9fc0d4010bbf28b4594072e72b8655ab) Importer(2089858483,b0f066a214c2f5e87bad3c948f4d605d)
Start importing Assets/01. Scenes/SampleScene.unity using Guid(9fc0d4010bbf28b4594072e72b8655ab) Importer(2089858483,b0f066a214c2f5e87bad3c948f4d605d) (ScriptedImporter) -> (Import Result ID: 'fad4ea5aef5d3f83f9f419050427202b') in 0.0523198 seconds [static and dynamic dependencies]. Details - ImportResultOutputID=d2e7532ad67da3e942205f727dff299c DependenciesID=4621e0419c979375f18b0afe53023a5a StaticDependenciesID=de178fe6ea535897318a87a754959a85 
Number of updated asset objects reloaded before import = 0Number of asset objects unloaded after import = 1

========================================================================
Received Import Request.
  Time since last request: 0.000041 seconds.
  path: Assets/AlexMakes3D/Characters/Futuristic girl/Textures/Futuristiс_Girl_Suit_AO.png
  importAddress: Guid(23782698b189b3442b26ee0f790a97d8) Importer(2089858483,b0f066a214c2f5e87bad3c948f4d605d)
Start importing Assets/AlexMakes3D/Characters/Futuristic girl/Textures/Futuristiс_Girl_Suit_AO.png using Guid(23782698b189b3442b26ee0f790a97d8) Importer(2089858483,b0f066a214c2f5e87bad3c948f4d605d) (ScriptedImporter) -> (Import Result ID: '31cfeef6b8300598a10228a8b3d63fe7') in 0.0761232 seconds [static and dynamic dependencies]. Details - ImportResultOutputID=3c78f4f48d47ca1ef6dd8652a191b6e2 DependenciesID=7c87fcb99c3fce4b33f9b6a6ffee8d69 StaticDependenciesID=5877ec794208cbac323e8501c9328d44 
Number of updated asset objects reloaded before import = 0Number of asset objects unloaded after import = 1

========================================================================
Received Import Request.
  Time since last request: 0.000033 seconds.
  path: Assets/AlexMakes3D/Characters/Futuristic girl/Prefabs/Futuristic_Girl.prefab
  importAddress: Guid(fefc1076fd7d3324e9b64e2937005a47) Importer(2089858483,b0f066a214c2f5e87bad3c948f4d605d)
Start importing Assets/AlexMakes3D/Characters/Futuristic girl/Prefabs/Futuristic_Girl.prefab using Guid(fefc1076fd7d3324e9b64e2937005a47) Importer(2089858483,b0f066a214c2f5e87bad3c948f4d605d) (ScriptedImporter) -> (Import Result ID: 'da73e8f4a0e393de22d60e6d44cf108b') in 0.1127796 seconds [static and dynamic dependencies]. Details - ImportResultOutputID=566debb0a0d85eaa526bfcd84b161774 DependenciesID=7c0074003d0cf58964f08788787cd7fe StaticDependenciesID=b896ebd9e5adb54efa68c436aea73267 
Number of updated asset objects reloaded before import = 0Number of asset objects unloaded after import = 166

========================================================================
Received Import Request.
  Time since last request: 0.001105 seconds.
  path: Assets/AlexMakes3D/Characters/Futuristic girl/Textures/Futuristiс_Girl_Armor_Normal.png
  importAddress: Guid(beeec318ef073c14685df082f9cec175) Importer(2089858483,b0f066a214c2f5e87bad3c948f4d605d)
Start importing Assets/AlexMakes3D/Characters/Futuristic girl/Textures/Futuristiс_Girl_Armor_Normal.png using Guid(beeec318ef073c14685df082f9cec175) Importer(2089858483,b0f066a214c2f5e87bad3c948f4d605d) (ScriptedImporter) -> (Import Result ID: 'aa65f1c52a63af10515d3e70b362fb72') in 0.1141765 seconds [static and dynamic dependencies]. Details - ImportResultOutputID=1467c3bc767a4ad35d3578016e80f11e DependenciesID=8062677bd15123a90add8a71f9164c38 StaticDependenciesID=361de1f6fd9d174f4684a7e7a1b1fa85 
Number of updated asset objects reloaded before import = 0Number of asset objects unloaded after import = 1

========================================================================
Received Import Request.
  Time since last request: 0.000435 seconds.
  path: Assets/My_Assets/Nomadic_UV/Foe_Creature/Texture/Foe_Noraml.png
  importAddress: Guid(1c0c475759bcd7e498a3df24b89b5711) Importer(2089858483,b0f066a214c2f5e87bad3c948f4d605d)
Start importing Assets/My_Assets/Nomadic_UV/Foe_Creature/Texture/Foe_Noraml.png using Guid(1c0c475759bcd7e498a3df24b89b5711) Importer(2089858483,b0f066a214c2f5e87bad3c948f4d605d) (ScriptedImporter) -> (Import Result ID: '5f2bfd58fedcef77133aef885bd84036') in 0.0947214 seconds [static and dynamic dependencies]. Details - ImportResultOutputID=0307c00ccaf1cfb805831f174a05e188 DependenciesID=79605630fe1a89a6e18bad0ec12314c6 StaticDependenciesID=e31aae317177b2c6ea4369bc0d3b450c 
Number of updated asset objects reloaded before import = 0Number of asset objects unloaded after import = 1

========================================================================
Received Import Request.
  Time since last request: 0.000073 seconds.
  path: Assets/AlexMakes3D/Characters/Futuristic girl/Materials/Futuristic_Girl_Armor Pink.mat
  importAddress: Guid(d71e449c7909fd541a3cb7f499a66ae2) Importer(2089858483,b0f066a214c2f5e87bad3c948f4d605d)
Start importing Assets/AlexMakes3D/Characters/Futuristic girl/Materials/Futuristic_Girl_Armor Pink.mat using Guid(d71e449c7909fd541a3cb7f499a66ae2) Importer(2089858483,b0f066a214c2f5e87bad3c948f4d605d) (ScriptedImporter) -> (Import Result ID: 'bc02ac93f2bcc4db60cfe5652b77ab7b') in 0.4748177 seconds [static and dynamic dependencies]. Details - ImportResultOutputID=6b827a7bf343705c27ca82b64fd79a80 DependenciesID=a16d2642ad0c05a4daa63ab841d930d5 StaticDependenciesID=5594142c3ab0c66ddd8a6fb26e26b054 
Number of updated asset objects reloaded before import = 0Number of asset objects unloaded after import = 6

========================================================================
Received Import Request.
  Time since last request: 0.000075 seconds.
  path: Assets/My_Assets/Nomadic_UV/Foe_Creature/URP/MT/Foe_Creature.mat
  importAddress: Guid(93c0dbdb5681eab47b8d89b419045b43) Importer(2089858483,b0f066a214c2f5e87bad3c948f4d605d)
Start importing Assets/My_Assets/Nomadic_UV/Foe_Creature/URP/MT/Foe_Creature.mat using Guid(93c0dbdb5681eab47b8d89b419045b43) Importer(2089858483,b0f066a214c2f5e87bad3c948f4d605d) (ScriptedImporter) -> (Import Result ID: '46e30cf7d768ba58238d424e9b032565') in 0.4217519 seconds [static and dynamic dependencies]. Details - ImportResultOutputID=12b11b869332282629d1c49965526447 DependenciesID=61bb1a658c5bbf55c88d4c8a0a859328 StaticDependenciesID=62dbf1b36203cf813a0dab13d624023c 
Number of updated asset objects reloaded before import = 0Number of asset objects unloaded after import = 5

========================================================================
Received Import Request.
  Time since last request: 0.000076 seconds.
  path: Assets/My_Assets/Nomadic_UV/Foe_Creature/ReadMe.txt
  importAddress: Guid(906d2a1e739d5694091ba0919fb02437) Importer(2089858483,b0f066a214c2f5e87bad3c948f4d605d)
Start importing Assets/My_Assets/Nomadic_UV/Foe_Creature/ReadMe.txt using Guid(906d2a1e739d5694091ba0919fb02437) Importer(2089858483,b0f066a214c2f5e87bad3c948f4d605d) (ScriptedImporter) -> (Import Result ID: '73a29fab77d7b9fe156a36c15b78c893') in 0.0583738 seconds [static and dynamic dependencies]. Details - ImportResultOutputID=fa8fde19e34ae2132a39de7d20790a7f DependenciesID=6411e31e35f6ef38e3b9d934964213e7 StaticDependenciesID=310ff8124be23c72a6d4ab8721e463e4 
Number of updated asset objects reloaded before import = 0Number of asset objects unloaded after import = 1

========================================================================
Received Import Request.
  Time since last request: 0.000073 seconds.
  path: Assets/AlexMakes3D/Characters/Futuristic girl/RenderSupport/Built-in.unitypackage
  importAddress: Guid(9db5d867d54232444acf4e3f85ccb29a) Importer(2089858483,b0f066a214c2f5e87bad3c948f4d605d)
Start importing Assets/AlexMakes3D/Characters/Futuristic girl/RenderSupport/Built-in.unitypackage using Guid(9db5d867d54232444acf4e3f85ccb29a) Importer(2089858483,b0f066a214c2f5e87bad3c948f4d605d) (ScriptedImporter) -> (Import Result ID: '34d21d34a2e992826efdc1319b34cbe3') in 0.0595037 seconds [static and dynamic dependencies]. Details - ImportResultOutputID=f795f3145c33dbd997cf8fc6d4f68713 DependenciesID=0080e10f6cd2f4e5ad331504d6d3699b StaticDependenciesID=a95a92e0a347f29634266d2ea8c46c42 
Number of updated asset objects reloaded before import = 0Number of asset objects unloaded after import = 1

========================================================================
Received Import Request.
  Time since last request: 0.005259 seconds.
  path: Assets/AlexMakes3D/Characters/Futuristic girl/Textures/Futuristiс_Girl_Suit_MaskMap.png
  importAddress: Guid(e37fc0ae219c7f44eb011016efcce1c0) Importer(2089858483,b0f066a214c2f5e87bad3c948f4d605d)
Start importing Assets/AlexMakes3D/Characters/Futuristic girl/Textures/Futuristiс_Girl_Suit_MaskMap.png using Guid(e37fc0ae219c7f44eb011016efcce1c0) Importer(2089858483,b0f066a214c2f5e87bad3c948f4d605d) (ScriptedImporter) -> (Import Result ID: '158fc4fc779161d3c1957badc16c1519') in 0.3019329 seconds [static and dynamic dependencies]. Details - ImportResultOutputID=f1597ca0f8af4bafd1b22740ca4f1137 DependenciesID=8d709851cd1077cf63bfd206bbc44a4f StaticDependenciesID=966d4ed9ece26c566e39d31f0694273c 
Number of updated asset objects reloaded before import = 0Number of asset objects unloaded after import = 1

========================================================================
Received Import Request.
  Time since last request: 14.037523 seconds.
  path: Assets/red 3.mat
  importAddress: Guid(7ec4c4f835594f449bad1ef7d8a4a4e5) Importer(2089858483,b0f066a214c2f5e87bad3c948f4d605d)
Start importing Assets/red 3.mat using Guid(7ec4c4f835594f449bad1ef7d8a4a4e5) Importer(2089858483,b0f066a214c2f5e87bad3c948f4d605d) (ScriptedImporter) -> (Import Result ID: 'fd403dd556ded014c481bf5e761893df') in 0.0670666 seconds [static and dynamic dependencies]. Details - ImportResultOutputID=38640fead85fc436209acb0adcaa2274 DependenciesID=75f0b397170f4b24948f31ccc57345dc StaticDependenciesID=679561fcaae53c281afd58b2dd9b0bf9 
Number of updated asset objects reloaded before import = 0Number of asset objects unloaded after import = 1

========================================================================
Received Import Request.
  Time since last request: 998.513501 seconds.
  path: Assets/green.mat
  importAddress: Guid(d1d3bbd5313511d46a20abb7032dcb9c) Importer(2089858483,b0f066a214c2f5e87bad3c948f4d605d)
Start importing Assets/green.mat using Guid(d1d3bbd5313511d46a20abb7032dcb9c) Importer(2089858483,b0f066a214c2f5e87bad3c948f4d605d) (ScriptedImporter) -> (Import Result ID: 'f1e99c21c04e6350c7dfebc1cb3610c4') in 0.0382646 seconds [static and dynamic dependencies]. Details - ImportResultOutputID=f092da802482332727d895f02902ea64 DependenciesID=38e08d49acd8bda72bcc17dec5f2c927 StaticDependenciesID=41af9056816b85790d85b045877d0766 
Number of updated asset objects reloaded before import = 0Number of asset objects unloaded after import = 1

========================================================================
Received Import Request.
  Time since last request: 140.876587 seconds.
  path: Assets/AlexMakes3D/Characters/Futuristic girl/Textures/Futuristiс_Girl_Armor_Normal.png
  importAddress: Guid(beeec318ef073c14685df082f9cec175) Importer(815301076,1909f56bfc062723c751e8b465ee728b)
Start importing Assets/AlexMakes3D/Characters/Futuristic girl/Textures/Futuristiс_Girl_Armor_Normal.png using Guid(beeec318ef073c14685df082f9cec175) Importer(815301076,1909f56bfc062723c751e8b465ee728b) (PreviewImporter) -> (Import Result ID: 'b54e828adbe7e90211a643b4d42b65f5') in 0.4203887 seconds [static and dynamic dependencies]. Details - ImportResultOutputID=43016b6c047566da98c679208c45df60 DependenciesID=bdeaf7a240d0dee325e409c6b774c44b StaticDependenciesID=d6b4975097567f33a9afea6df9392180 
Number of updated asset objects reloaded before import = 0Number of asset objects unloaded after import = 2

========================================================================
Received Import Request.
  Time since last request: 0.000204 seconds.
  path: Assets/AlexMakes3D/Characters/Futuristic girl/Textures/Futuristiс_Girl_Armor_MaskMap.png
  importAddress: Guid(96a48535f008d954e8ca57cff8673b72) Importer(815301076,1909f56bfc062723c751e8b465ee728b)
Start importing Assets/AlexMakes3D/Characters/Futuristic girl/Textures/Futuristiс_Girl_Armor_MaskMap.png using Guid(96a48535f008d954e8ca57cff8673b72) Importer(815301076,1909f56bfc062723c751e8b465ee728b) (PreviewImporter) -> (Import Result ID: 'f24b2ae304028fa1baa2a6db20bb5144') in 0.0964159 seconds [static and dynamic dependencies]. Details - ImportResultOutputID=be237df6cb68c9b9e3bebf28abc391e2 DependenciesID=8573356c27e5a0b20aad479024f5a066 StaticDependenciesID=0263701af7161f8d5e51a1a6d245ad1b 
Number of updated asset objects reloaded before import = 0Number of asset objects unloaded after import = 2

Editor requested this worker to shutdown with reason: Scaling down because of idle timeout
AssetImportWorker is now disconnected from the server
Process exiting
Exiting without the bug reporter. Application will terminate with return code 0