[Licensing::Module] Trying to connect to existing licensing client channel...
Built from '6000.4/staging' branch; Version is '6000.4.6f1 (0b051c2e5d54) revision 722204'; Using compiler version '194234433'; Build Type 'Release'
[Licensing::IpcConnector] Successfully connected to: "LicenseClient-woo54" at "2026-05-13T08:20:24.2591689Z"
OS: 'Windows 11  (10.0.26200) Core' Language: 'ko' Physical Memory: 16023 MB
BatchMode: 1, IsHumanControllingUs: 0, StartBugReporterOnCrash: 0, Is64bit: 1
System  architecture: x64
Process architecture: x64
Date: 2026-05-13T08:20:24Z

COMMAND LINE ARGUMENTS:
C:\Program Files\Unity\Hub\Editor\6000.4.6f1\Editor\Unity.exe
-adb2
-batchMode
-noUpm
-name
AssetImportWorker2
-projectPath
C:/Users/woo54/ShiftRunner/ProjectRunner
-logFile
Logs/AssetImportWorker2.log
-srvPort
55277
-licensingIpc
LicenseClient-woo54
-force-d3d12
-job-worker-count
3
-background-job-worker-count
8
-gc-helper-count
1
-name
AssetImport
Successfully changed project path to: C:/Users/woo54/ShiftRunner/ProjectRunner
C:/Users/woo54/ShiftRunner/ProjectRunner
[UnityMemory] Configuration Parameters - Can be set up in boot.config
    "memorysetup-temp-allocator-size-gi-baking-worker=262144"
    "memorysetup-temp-allocator-size-gi-baking-worker=262144"
    "memorysetup-temp-allocator-size-gi-baking-worker=262144"
    "memorysetup-temp-allocator-size-gi-baking-worker=262144"
    "memorysetup-temp-allocator-size-gi-baking-worker=262144"
    "memorysetup-temp-allocator-size-nav-mesh-worker=65536"
    "memorysetup-temp-allocator-size-audio-worker=65536"
    "memorysetup-temp-allocator-size-cloud-worker=32768"
    "memorysetup-temp-allocator-size-gfx=262144"
    "memorysetup-temp-allocator-size-preload-manager=33554432"
    "memorysetup-temp-allocator-size-job-worker=262144"
    "memorysetup-temp-allocator-size-background-worker=32768"
    "memorysetup-allocator-temp-initial-block-size-main=262144"
    "memorysetup-allocator-temp-initial-block-size-worker=262144"
    "memorysetup-bucket-allocator-granularity=16"
    "memorysetup-bucket-allocator-bucket-count=8"
    "memorysetup-bucket-allocator-block-size=33554432"
    "memorysetup-bucket-allocator-block-count=8"
    "memorysetup-main-allocator-block-size=16777216"
    "memorysetup-thread-allocator-block-size=16777216"
    "memorysetup-gfx-main-allocator-block-size=16777216"
    "memorysetup-gfx-thread-allocator-block-size=16777216"
    "memorysetup-cache-allocator-block-size=4194304"
    "memorysetup-typetree-allocator-block-size=2097152"
    "memorysetup-profiler-bucket-allocator-granularity=16"
    "memorysetup-profiler-bucket-allocator-bucket-count=8"
    "memorysetup-profiler-bucket-allocator-block-size=33554432"
    "memorysetup-profiler-bucket-allocator-block-count=8"
    "memorysetup-profiler-allocator-block-size=16777216"
    "memorysetup-profiler-editor-allocator-block-size=1048576"
    "memorysetup-temp-allocator-size-main=16777216"
    "memorysetup-job-temp-allocator-block-size=2097152"
    "memorysetup-job-temp-allocator-block-size-background=1048576"
    "memorysetup-job-temp-allocator-reduction-small-platforms=262144"
Player connection [38016]  Target information:

Player connection [38016]  * "[IP] 172.16.30.236 [Port] 0 [Flags] 2 [Guid] 1899065143 [EditorId] 1899065143 [Version] 1048832 [Id] WindowsEditor(7,DESKTOP-6SJNF32) [Debug] 1 [PackageName] WindowsEditor [ProjectName] Editor" 

Player connection [38016] Host joined multi-casting on [225.0.0.222:54997]...
Player connection [38016] Host joined alternative multi-casting on [225.0.0.222:34997]...
JobSystem: Creating JobQueue using job-worker-count value 3
Input System module state changed to: Initialized.
[Physics::Module] Initialized fallback backend.
[Physics::Module] Id: 0xdecafbad
Library Redirect Path: Library/
[Physics::Module] Selected backend.
[Physics::Module] Name: PhysX
[Physics::Module] Id: 0xf2b8ea05
[Physics::Module] SDK Version: 4.1.2
[Physics::Module] Integration Version: 1.0.0
[Physics::Module] Threading Mode: Multi-Threaded
Refreshing native plugins compatible for Editor in 97.17 ms, found 4 plugins.
Initialize engine version: 6000.4.6f1 (0b051c2e5d54)
[Subsystems] Discovering subsystems at path C:/Program Files/Unity/Hub/Editor/6000.4.6f1/Editor/Data/Resources/UnitySubsystems
[Subsystems] Discovering subsystems at path C:/Users/woo54/ShiftRunner/ProjectRunner/Assets
Forcing GfxDevice: Direct3D 12
GfxDevice: creating device client; kGfxThreadingModeNonThreaded
d3d12: failed to query info queue interface (0x80004002).
Direct3D:
    Version:         Direct3D 12 [level 12.1]
    Renderer:        Intel(R) Iris(R) Xe Graphics (ID=0x9a49)
    Vendor:          Intel
    VRAM:            8011 MB
    App VRAM Budget: 7355 MB
    Driver:          30.0.100.9864
    Unified Memory Architecture
    Cache Coherent UMA
Initialize mono
Mono path[0] = 'C:/Program Files/Unity/Hub/Editor/6000.4.6f1/Editor/Data/Managed'
Mono path[1] = 'C:/Program Files/Unity/Hub/Editor/6000.4.6f1/Editor/Data/MonoBleedingEdge/lib/mono/unityjit-win32'
Mono config path = 'C:/Program Files/Unity/Hub/Editor/6000.4.6f1/Editor/Data/MonoBleedingEdge/etc'
Using monoOptions --debugger-agent=transport=dt_socket,embedding=1,server=y,suspend=n,address=127.0.0.1:56540
CodeReloadManager initialized
Begin MonoManager ReloadAssembly
Registering precompiled unity dll's ...
Register platform support module: C:/Program Files/Unity/Hub/Editor/6000.4.6f1/Editor/Data/PlaybackEngines/WindowsStandaloneSupport/UnityEditor.WindowsStandalone.Extensions.dll
Registered in 0.058779 seconds.
Native extension for WindowsStandalone target not found
Package Manager log level set to [2]
[Package Manager] Failed to launch server process. Reason: Unity was launched with the -noUpm command-line argument
[Package Manager] Unable to send message (not connected to server process).
[Package Manager] Cannot connect to Unity Package Manager local server
ScheduleIndexationOnStartup MainProcess:False IndexOnStartup:True
Mono: successfully reloaded assembly
- Finished resetting the current domain, in  2.841 seconds
Domain Reload Profiling: 8567ms
	BeginReloadAssembly (2914ms)
	RebuildCommonClasses (200ms)
	RebuildNativeTypeToScriptingClass (64ms)
	initialDomainReloadingComplete (1347ms)
	LoadAllAssembliesAndSetupDomain (1194ms)
		LoadAssemblies (2853ms)
		AnalyzeDomain (1146ms)
			TypeCache.Refresh (1142ms)
				TypeCache.ScanAssembly (1077ms)
	FinalizeReload (2849ms)
		SetupLoadedEditorAssemblies (0ms)
			InitializePlatformSupportModulesInManaged (217ms)
			BeforeProcessingInitializeOnLoad (762ms)
			ProcessInitializeOnLoadAttributes (573ms)
			ProcessInitializeOnLoadMethodAttributes (846ms)
========================================================================
Worker process is ready to serve import requests
Import Worker Mode flag is 0x00
[Licensing::Client] Error: HandshakeResponse reported an error:
	ResponseCode: 505
	ResponseStatus: Unsupported protocol version '1.18.1'.
[Licensing::Module] Error: Failed to handshake to channel: "LicenseClient-woo54"
[Licensing::IpcConnector] LicenseClient-woo54 channel disconnected successfully.
[Licensing::IpcConnector] Successfully connected to: "LicenseClient-woo54-6000.4.6" at "2026-05-13T08:20:41.3839694Z"
Begin MonoManager ReloadAssembly
[Licensing::Module] Licensing is not yet initialized.
[Licensing::Client] Code 10 while verifying Licensing Client signature (process Id: 27652, path: "C:/Program Files/Unity/Hub/Editor/6000.4.6f1/Editor/Data/Resources/Licensing/Client/Unity.Licensing.Client.exe")
[Licensing::Module] LicensingClient has failed validation; ignoring
[Licensing::Client] Handshaking with LicensingClient:
  Version:                 1.18.1+9fbee8e
  Session Id:              0d97f567831f4dff83f359860057c07a
  Correlation Id:          e06b82012780ac8acca386c2461dca99
  External correlation Id: 2795846541632264772
  Machine Id:              ESQUOVeMcbrJas9wvzRmuqFD1AA=
[Licensing::Module] Successfully connected to LicensingClient on channel: "LicenseClient-woo54-6000.4.6" (connect: 0.00s, validation: 0.02s, handshake: 0.14s)
[Licensing::IpcConnector] Successfully connected to: "LicenseClient-woo54-6000.4.6-notifications" at "2026-05-13T08:20:41.546153Z"
[Licensing::Module] Licensing Background thread has ended after 17.29s
[Licensing::Module] Licensing is initialized (took 0.08s).
[Licensing::Client] Successfully resolved entitlement details
[Licensing::Module] License group:
  Id: 14569623918176-UnityPersXXXX
  Product: Unity Personal
  Type: Assigned
  Expiration: Unlimited
Assembly Assembly-CSharp-Editor-firstpass.dll at Library/ScriptAssemblies/Assembly-CSharp-Editor-firstpass.dll not valid. Loading of assembly skipped.
Assembly Assembly-CSharp-Editor.dll at Library/ScriptAssemblies/Assembly-CSharp-Editor.dll not valid. Loading of assembly skipped.
Assembly Assembly-CSharp-firstpass.dll at Library/ScriptAssemblies/Assembly-CSharp-firstpass.dll not valid. Loading of assembly skipped.
Assembly DocCodeExamples.dll at Library/ScriptAssemblies/DocCodeExamples.dll not valid. Loading of assembly skipped.
Assembly TestNewCustomAssembly.dll at Library/ScriptAssemblies/TestNewCustomAssembly.dll not valid. Loading of assembly skipped.
Assembly Unity.InputSystem.IntegrationTests.dll at Library/ScriptAssemblies/Unity.InputSystem.IntegrationTests.dll not valid. Loading of assembly skipped.
Assembly Unity.Multiplayer.Center.Editor.Tests.dll at Library/ScriptAssemblies/Unity.Multiplayer.Center.Editor.Tests.dll not valid. Loading of assembly skipped.
Assembly Unity.Multiplayer.Center.Tests.dll at Library/ScriptAssemblies/Unity.Multiplayer.Center.Tests.dll not valid. Loading of assembly skipped.
Assembly Unity.Performance.Profile-Analyzer.EditorTests.dll at Library/ScriptAssemblies/Unity.Performance.Profile-Analyzer.EditorTests.dll not valid. Loading of assembly skipped.
Assembly Unity.Settings.Tests.dll at Library/ScriptAssemblies/Unity.Settings.Tests.dll not valid. Loading of assembly skipped.
Assembly Unity.TestTools.CodeCoverage.Editor.Compatibility.dll at Library/ScriptAssemblies/Unity.TestTools.CodeCoverage.Editor.Compatibility.dll not valid. Loading of assembly skipped.
Assembly Unity.TextMeshPro.Editor.Tests.dll at Library/ScriptAssemblies/Unity.TextMeshPro.Editor.Tests.dll not valid. Loading of assembly skipped.
Assembly Unity.TextMeshPro.Tests.dll at Library/ScriptAssemblies/Unity.TextMeshPro.Tests.dll not valid. Loading of assembly skipped.
Assembly UnityEditor.UI.Common.Tests.dll at Library/ScriptAssemblies/UnityEditor.UI.Common.Tests.dll not valid. Loading of assembly skipped.
Assembly UnityEditor.UI.EditorTests.dll at Library/ScriptAssemblies/UnityEditor.UI.EditorTests.dll not valid. Loading of assembly skipped.
Assembly UnityEngine.UI.Tests.dll at Library/ScriptAssemblies/UnityEngine.UI.Tests.dll not valid. Loading of assembly skipped.
Refreshing native plugins compatible for Editor in 19.45 ms, found 4 plugins.
Native extension for WindowsStandalone target not found
[Package Manager] Failed to launch server process. Reason: Unity was launched with the -noUpm command-line argument
[Package Manager] Unable to send message (not connected to server process).
[Package Manager] Cannot connect to Unity Package Manager local server
Refreshing native plugins compatible for Editor in 21.61 ms, found 4 plugins.
[Package Manager] Failed to launch server process. Reason: Unity was launched with the -noUpm command-line argument
[Package Manager] Unable to send message (not connected to server process).
[Package Manager] Cannot connect to Unity Package Manager local server
ScheduleIndexationOnStartup MainProcess:False IndexOnStartup:True
Mono: successfully reloaded assembly
- Finished resetting the current domain, in  3.931 seconds
Domain Reload Profiling: 9013ms
	BeginReloadAssembly (1320ms)
		DisableScriptedObjects (16ms)
		CreateAndSetChildDomain (121ms)
	RebuildCommonClasses (330ms)
	RebuildNativeTypeToScriptingClass (73ms)
	initialDomainReloadingComplete (776ms)
	LoadAllAssembliesAndSetupDomain (2583ms)
		LoadAssemblies (2591ms)
		AnalyzeDomain (769ms)
			TypeCache.Refresh (639ms)
				TypeCache.ScanAssembly (597ms)
			BuildScriptInfoCaches (111ms)
			ResolveRequiredComponents (15ms)
	FinalizeReload (3932ms)
		SetupLoadedEditorAssemblies (0ms)
			InitializePlatformSupportModulesInManaged (8ms)
			BeforeProcessingInitializeOnLoad (676ms)
			ProcessInitializeOnLoadAttributes (1654ms)
			ProcessInitializeOnLoadMethodAttributes (259ms)
			AfterProcessingInitializeOnLoad (70ms)
		AwakeInstancesAfterBackupRestoration (46ms)
Launched and connected shader compiler UnityShaderCompiler.exe after 0.06 seconds
Refreshing native plugins compatible for Editor in 39.92 ms, found 4 plugins.
Unloading 0 Unused Serialized files (Serialized files now loaded: 0)
Unloading 4151 unused Assets / (160.3 KB). Loaded Objects now: 4737.
Memory consumption went from 98.0 MB to 97.8 MB.
Total: 26.492100 ms (FindLiveObjects: 4.819800 ms CreateObjectMapping: 0.877200 ms MarkObjects: 17.719900 ms  DeleteObjects: 3.069000 ms)

========================================================================
Received Import Request.
  Time since last request: 186301.929874 seconds.
  path: Assets/AlexMakes3D/Characters/Futuristic girl/Textures/Futuristiс_Girl_Suit_Normal.png
  importAddress: Guid(12f86581ef393f540b93fee715abc2a9) Importer(2089858483,b0f066a214c2f5e87bad3c948f4d605d)
Start importing Assets/AlexMakes3D/Characters/Futuristic girl/Textures/Futuristiс_Girl_Suit_Normal.png using Guid(12f86581ef393f540b93fee715abc2a9) Importer(2089858483,b0f066a214c2f5e87bad3c948f4d605d) (ScriptedImporter) -> (Import Result ID: '66d009506e7b21a2f5949ba57fa6b815') in 0.5530684 seconds [static and dynamic dependencies]. Details - ImportResultOutputID=39e9714e0e097040cad55e2f0535ce63 DependenciesID=0a9aac0a845a207f0e4de6d2dfdb2292 StaticDependenciesID=78f1842c6925d57dd25e056346a715d8 
Number of updated asset objects reloaded before import = 0Number of asset objects unloaded after import = 1

========================================================================
Received Import Request.
  Time since last request: 0.000073 seconds.
  path: Assets/AlexMakes3D/Characters/Futuristic girl/Textures/Futuristiс_Girl_Suit_MetallicSmoothness.png
  importAddress: Guid(d4107e2a02596dc408ee068aeff2ba4d) Importer(2089858483,b0f066a214c2f5e87bad3c948f4d605d)
Start importing Assets/AlexMakes3D/Characters/Futuristic girl/Textures/Futuristiс_Girl_Suit_MetallicSmoothness.png using Guid(d4107e2a02596dc408ee068aeff2ba4d) Importer(2089858483,b0f066a214c2f5e87bad3c948f4d605d) (ScriptedImporter) -> (Import Result ID: '91d3e351e2ffdce494693343749094d6') in 0.1959404 seconds [static and dynamic dependencies]. Details - ImportResultOutputID=bf5a2eaad79019ef1e65e3c1a3efe00d DependenciesID=a8453c24fc14b7efaca6e05ccdd0dbf8 StaticDependenciesID=ac00d36cd127f4937c192107efc7cce2 
Number of updated asset objects reloaded before import = 0Number of asset objects unloaded after import = 1

========================================================================
Received Import Request.
  Time since last request: 0.000502 seconds.
  path: Assets/My_Assets/Nomadic_UV/Foe_Creature/Animation/Run.anim
  importAddress: Guid(f2ad94c4214eaaa46a178f9811de2194) Importer(2089858483,b0f066a214c2f5e87bad3c948f4d605d)
Start importing Assets/My_Assets/Nomadic_UV/Foe_Creature/Animation/Run.anim using Guid(f2ad94c4214eaaa46a178f9811de2194) Importer(2089858483,b0f066a214c2f5e87bad3c948f4d605d) (ScriptedImporter) -> (Import Result ID: '025451f8fbd18514aa616a0aab4ff827') in 0.2241552 seconds [static and dynamic dependencies]. Details - ImportResultOutputID=f5d010e45acb01ac9e016be12f08a945 DependenciesID=9de0e9a4feee061ac098ca23ec0c3421 StaticDependenciesID=8b35a66759c49e58b3ee280eddb24c6f 
Number of updated asset objects reloaded before import = 0Number of asset objects unloaded after import = 1

========================================================================
Received Import Request.
  Time since last request: 0.000284 seconds.
  path: Assets/AlexMakes3D/Characters/Futuristic girl/Prefabs/Futuristic_Girl Pink.prefab
  importAddress: Guid(efc6bd679a725ed44973ca30b1754227) Importer(2089858483,b0f066a214c2f5e87bad3c948f4d605d)
Start importing Assets/AlexMakes3D/Characters/Futuristic girl/Prefabs/Futuristic_Girl Pink.prefab using Guid(efc6bd679a725ed44973ca30b1754227) Importer(2089858483,b0f066a214c2f5e87bad3c948f4d605d) (ScriptedImporter) -> (Import Result ID: '69030649b4465b5e73656b21b2501a8b') in 0.119789 seconds [static and dynamic dependencies]. Details - ImportResultOutputID=4bb485a5706ab9a66ded2b5fc7e7f956 DependenciesID=5e88369a2bb664600159b53575317074 StaticDependenciesID=766eff40e47a0be24be39404f95e43e6 
Number of updated asset objects reloaded before import = 0Number of asset objects unloaded after import = 166

========================================================================
Received Import Request.
  Time since last request: 0.005329 seconds.
  path: Assets/AlexMakes3D/Characters/Futuristic girl/Materials/Futuristic_Girl_Suit_B.mat
  importAddress: Guid(e6c7fa43076b0f14dae9ea6527d24367) Importer(2089858483,b0f066a214c2f5e87bad3c948f4d605d)
Start importing Assets/AlexMakes3D/Characters/Futuristic girl/Materials/Futuristic_Girl_Suit_B.mat using Guid(e6c7fa43076b0f14dae9ea6527d24367) Importer(2089858483,b0f066a214c2f5e87bad3c948f4d605d) (ScriptedImporter) -> (Import Result ID: '559744d9683b82c7ff2690232d8fe351') in 0.5322464 seconds [static and dynamic dependencies]. Details - ImportResultOutputID=5b2d6bc11620be8ed3eb2e5f0801c825 DependenciesID=ed06432f93809fffc2c0f903679c16c5 StaticDependenciesID=1ddcf820a7f1d56d06eb114bcf73054d 
Number of updated asset objects reloaded before import = 0Number of asset objects unloaded after import = 5

========================================================================
Received Import Request.
  Time since last request: 0.000045 seconds.
  path: Assets/My_Assets/Nomadic_UV/Foe_Creature/Scene/DEMO_Scene.unity
  importAddress: Guid(bfc8b0825825c004f841de3afce6c14b) Importer(2089858483,b0f066a214c2f5e87bad3c948f4d605d)
Start importing Assets/My_Assets/Nomadic_UV/Foe_Creature/Scene/DEMO_Scene.unity using Guid(bfc8b0825825c004f841de3afce6c14b) Importer(2089858483,b0f066a214c2f5e87bad3c948f4d605d) (ScriptedImporter) -> (Import Result ID: '85f6451dd7636a97cdd9b6ce558cb229') in 0.0575063 seconds [static and dynamic dependencies]. Details - ImportResultOutputID=7b5e5a35e8c1a432ed08435e3f2170d7 DependenciesID=f1bd24864dc3b8120a5725cf160f68a8 StaticDependenciesID=dcd4cd0c5587e422496252869ce7d789 
Number of updated asset objects reloaded before import = 0Number of asset objects unloaded after import = 1

========================================================================
Received Import Request.
  Time since last request: 0.001391 seconds.
  path: Assets/02. Scripts/CircularTrackBuilder.cs
  importAddress: Guid(f0cf02f2e415bc549a49c5d24530b979) Importer(2089858483,b0f066a214c2f5e87bad3c948f4d605d)
Start importing Assets/02. Scripts/CircularTrackBuilder.cs using Guid(f0cf02f2e415bc549a49c5d24530b979) Importer(2089858483,b0f066a214c2f5e87bad3c948f4d605d) (ScriptedImporter) -> (Import Result ID: '8b110916e5cedd1f3b8f4069f9c34943') in 0.0446345 seconds [static and dynamic dependencies]. Details - ImportResultOutputID=e1ab39f740892b6b8084a5a6aea6871e DependenciesID=ef31356df4f328582842f59b1e5e4745 StaticDependenciesID=2823493f9bd92080ece547515a2fbcca 
Number of updated asset objects reloaded before import = 0Number of asset objects unloaded after import = 0

========================================================================
Received Import Request.
  Time since last request: 0.000199 seconds.
  path: Assets/AlexMakes3D/Characters/Futuristic girl/Textures/Futuristiс_Girl_Suit_AlbedoTransparency_B.png
  importAddress: Guid(2842c848ad83b6d4aadf8f2ffcd44910) Importer(2089858483,b0f066a214c2f5e87bad3c948f4d605d)
Start importing Assets/AlexMakes3D/Characters/Futuristic girl/Textures/Futuristiс_Girl_Suit_AlbedoTransparency_B.png using Guid(2842c848ad83b6d4aadf8f2ffcd44910) Importer(2089858483,b0f066a214c2f5e87bad3c948f4d605d) (ScriptedImporter) -> (Import Result ID: '2434f001532f9008564277e3cbc2e76b') in 0.068381 seconds [static and dynamic dependencies]. Details - ImportResultOutputID=4664eed3363ff01dd1da3c36c0a15985 DependenciesID=c034f6c0af14e25c8281fd61c79078f4 StaticDependenciesID=85ab48adccd6d8f304ba1f2aec58880c 
Number of updated asset objects reloaded before import = 0Number of asset objects unloaded after import = 1

========================================================================
Received Import Request.
  Time since last request: 0.000473 seconds.
  path: Assets/InputSystem_Actions.inputactions
  importAddress: Guid(289c1b55c9541489481df5cc06664110) Importer(2089858483,b0f066a214c2f5e87bad3c948f4d605d)
Start importing Assets/InputSystem_Actions.inputactions using Guid(289c1b55c9541489481df5cc06664110) Importer(2089858483,b0f066a214c2f5e87bad3c948f4d605d) (ScriptedImporter) -> (Import Result ID: '236b621e16e097e2329f3ee58e9bc237') in 1.6484918 seconds [static and dynamic dependencies]. Details - ImportResultOutputID=2af672bbf66cf9a02807fee00e14e483 DependenciesID=c1394bf134c9f3accb367d23232b803e StaticDependenciesID=ae8a94aa5e9ce79900a1f127521aa4ca 
Number of updated asset objects reloaded before import = 0Number of asset objects unloaded after import = 22

========================================================================
Received Import Request.
  Time since last request: 2.791960 seconds.
  path: Assets/New Material.mat
  importAddress: Guid(ac6ffc59a348f6945aa63d273e7e6ff2) Importer(2089858483,b0f066a214c2f5e87bad3c948f4d605d)
Start importing Assets/New Material.mat using Guid(ac6ffc59a348f6945aa63d273e7e6ff2) Importer(2089858483,b0f066a214c2f5e87bad3c948f4d605d) (ScriptedImporter) -> (Import Result ID: 'fbbc917bd6c2e766da6eeae7807b49fe') in 0.1061378 seconds [static and dynamic dependencies]. Details - ImportResultOutputID=683db4e1741968036493754b321c44cc DependenciesID=a4769b9db9616bf986239e4699ca905a StaticDependenciesID=a9331b4df5fe3b51920cae2868ae40ec 
Number of updated asset objects reloaded before import = 0Number of asset objects unloaded after import = 1

========================================================================
Received Import Request.
  Time since last request: 7.307713 seconds.
  path: Assets/red.mat
  importAddress: Guid(ac6ffc59a348f6945aa63d273e7e6ff2) Importer(2089858483,b0f066a214c2f5e87bad3c948f4d605d)
Start importing Assets/red.mat using Guid(ac6ffc59a348f6945aa63d273e7e6ff2) Importer(2089858483,b0f066a214c2f5e87bad3c948f4d605d) (ScriptedImporter) -> (Import Result ID: 'c6bbccc0767ad548bce8e4a4ca30fd13') in 0.0219764 seconds [static and dynamic dependencies]. Details - ImportResultOutputID=f4d8cc91a2d15a1e3d26a2a30341a7f7 DependenciesID=f69aee5cbd05178b6a9d74ac6c9d495b StaticDependenciesID=e4beed100d59b05e8154a31cf5bc040d 
Number of updated asset objects reloaded before import = 0Number of asset objects unloaded after import = 1

========================================================================
Received Import Request.
  Time since last request: 1.292865 seconds.
  path: Assets/red 1.mat
  importAddress: Guid(fd1cd88443f879b468e5d4b6dc81a434) Importer(2089858483,b0f066a214c2f5e87bad3c948f4d605d)
Start importing Assets/red 1.mat using Guid(fd1cd88443f879b468e5d4b6dc81a434) Importer(2089858483,b0f066a214c2f5e87bad3c948f4d605d) (ScriptedImporter) -> (Import Result ID: 'dcc2219ef3c1f4f2d34ce0db0953fa11') in 0.0341945 seconds [static and dynamic dependencies]. Details - ImportResultOutputID=da684a4a1336e86fdc20703831805a9f DependenciesID=4b59e27b9cb62acbefbc43a57ffe413c StaticDependenciesID=2256f69d65fa36956be73d55324e8fa7 
Number of updated asset objects reloaded before import = 0Number of asset objects unloaded after import = 1

========================================================================
Received Import Request.
  Time since last request: 2.316757 seconds.
  path: Assets/red 2.mat
  importAddress: Guid(d1d3bbd5313511d46a20abb7032dcb9c) Importer(2089858483,b0f066a214c2f5e87bad3c948f4d605d)
Start importing Assets/red 2.mat using Guid(d1d3bbd5313511d46a20abb7032dcb9c) Importer(2089858483,b0f066a214c2f5e87bad3c948f4d605d) (ScriptedImporter) -> (Import Result ID: '8351b9a59491837b1acbfc4d9d6de976') in 0.0231424 seconds [static and dynamic dependencies]. Details - ImportResultOutputID=b35a0dc7548bd131c88893c4f8f14a6c DependenciesID=46e1127fd5b937059c80b6d6eeacd56f StaticDependenciesID=fb6c7b94b947db91aa21725cdce3f24a 
Number of updated asset objects reloaded before import = 0Number of asset objects unloaded after import = 1

========================================================================
Received Import Request.
  Time since last request: 11.948917 seconds.
  path: Assets/blue.mat
  importAddress: Guid(7ec4c4f835594f449bad1ef7d8a4a4e5) Importer(2089858483,b0f066a214c2f5e87bad3c948f4d605d)
Start importing Assets/blue.mat using Guid(7ec4c4f835594f449bad1ef7d8a4a4e5) Importer(2089858483,b0f066a214c2f5e87bad3c948f4d605d) (ScriptedImporter) -> (Import Result ID: '7c5bfe1c7a637be716216bcf663df263') in 0.0228791 seconds [static and dynamic dependencies]. Details - ImportResultOutputID=12e862f8b0f94fdb5ad3299688a50450 DependenciesID=8ab6331e4be439ef71bc9306ebb8e866 StaticDependenciesID=4e5046019221c897340768b43a9a48cf 
Number of updated asset objects reloaded before import = 0Number of asset objects unloaded after import = 1

========================================================================
Received Import Request.
  Time since last request: 12.383192 seconds.
  path: Assets/green.mat
  importAddress: Guid(d1d3bbd5313511d46a20abb7032dcb9c) Importer(2089858483,b0f066a214c2f5e87bad3c948f4d605d)
Start importing Assets/green.mat using Guid(d1d3bbd5313511d46a20abb7032dcb9c) Importer(2089858483,b0f066a214c2f5e87bad3c948f4d605d) (ScriptedImporter) -> (Import Result ID: '0cf7a72a5e8c83552bf1cc8aefe46ff7') in 0.0253179 seconds [static and dynamic dependencies]. Details - ImportResultOutputID=7dc65f5ce07b2e2d9ee50b1b260bbfb0 DependenciesID=e8fe518776b89decaa0ec64deda8e0bb StaticDependenciesID=575aa69d51bf63968249ce6e6296279d 
Number of updated asset objects reloaded before import = 0Number of asset objects unloaded after import = 1

========================================================================
Received Import Request.
  Time since last request: 6.918221 seconds.
  path: Assets/yellow.mat
  importAddress: Guid(fd1cd88443f879b468e5d4b6dc81a434) Importer(2089858483,b0f066a214c2f5e87bad3c948f4d605d)
Start importing Assets/yellow.mat using Guid(fd1cd88443f879b468e5d4b6dc81a434) Importer(2089858483,b0f066a214c2f5e87bad3c948f4d605d) (ScriptedImporter) -> (Import Result ID: '175cb1c8aead0e99dff78a0734a6355b') in 0.0194036 seconds [static and dynamic dependencies]. Details - ImportResultOutputID=ea936f4b5c860ad307f0b495104ca5fe DependenciesID=149b9c7fae146d334b3869ef1fffacee StaticDependenciesID=6a4e80f2a56bba3feb5c230961c60bd9 
Number of updated asset objects reloaded before import = 0Number of asset objects unloaded after import = 1

========================================================================
Received Import Request.
  Time since last request: 967.234476 seconds.
  path: Assets/yellow.mat
  importAddress: Guid(fd1cd88443f879b468e5d4b6dc81a434) Importer(2089858483,b0f066a214c2f5e87bad3c948f4d605d)
Start importing Assets/yellow.mat using Guid(fd1cd88443f879b468e5d4b6dc81a434) Importer(2089858483,b0f066a214c2f5e87bad3c948f4d605d) (ScriptedImporter) -> (Import Result ID: '7f405d11f0a9848be7c74562e17f0060') in 0.0433554 seconds [static and dynamic dependencies]. Details - ImportResultOutputID=01b3ef1789e6f7fe00f21ccc0cd9e863 DependenciesID=7b4315052d49a905160a7953e15ab09e StaticDependenciesID=113f4e40f393f00db83dda47635c32d6 
Number of updated asset objects reloaded before import = 0Number of asset objects unloaded after import = 1

========================================================================
Received Import Request.
  Time since last request: 140.864230 seconds.
  path: Assets/AlexMakes3D/Characters/Futuristic girl/Textures/Futuristiс_Girl_Armor_BaseColor.png
  importAddress: Guid(6120744f4ba3d4f4aaca3ad9bbb73f8b) Importer(815301076,1909f56bfc062723c751e8b465ee728b)
Start importing Assets/AlexMakes3D/Characters/Futuristic girl/Textures/Futuristiс_Girl_Armor_BaseColor.png using Guid(6120744f4ba3d4f4aaca3ad9bbb73f8b) Importer(815301076,1909f56bfc062723c751e8b465ee728b) (PreviewImporter) -> (Import Result ID: 'a81bdf92c8dae8657aeeb8b6bac29266') in 0.4061891 seconds [static and dynamic dependencies]. Details - ImportResultOutputID=c6f4e59eb3535b10d9064a9cf330d8ca DependenciesID=2fdff216e043780bbd73fa3e0c9a3db8 StaticDependenciesID=3759f25f7a66d8d6735615fa6fc18a27 
Number of updated asset objects reloaded before import = 0Number of asset objects unloaded after import = 2

========================================================================
Received Import Request.
  Time since last request: 0.000058 seconds.
  path: Assets/AlexMakes3D/Characters/Futuristic girl/Textures/Futuristiс_Girl_Armor_Mask1.png
  importAddress: Guid(5fecf0d7e37e1024f8a48d49ceb033de) Importer(815301076,1909f56bfc062723c751e8b465ee728b)
Start importing Assets/AlexMakes3D/Characters/Futuristic girl/Textures/Futuristiс_Girl_Armor_Mask1.png using Guid(5fecf0d7e37e1024f8a48d49ceb033de) Importer(815301076,1909f56bfc062723c751e8b465ee728b) (PreviewImporter) -> (Import Result ID: '8fbb52c3ca336b341187262113b04d81') in 0.0681847 seconds [static and dynamic dependencies]. Details - ImportResultOutputID=ffe7fd83a4f34342b12e8ffa7ec7e2fc DependenciesID=1891d2f8bb8d1718216e76b5c944b929 StaticDependenciesID=1530ac8e55bd19589507ae66c7b07164 
Number of updated asset objects reloaded before import = 0Number of asset objects unloaded after import = 2

========================================================================
Received Import Request.
  Time since last request: 0.000056 seconds.
  path: Assets/AlexMakes3D/Characters/Futuristic girl/Textures/Futuristiс_Girl_Armor_Mask2.png
  importAddress: Guid(1f943dac066bda3409132000ae309b34) Importer(815301076,1909f56bfc062723c751e8b465ee728b)
Start importing Assets/AlexMakes3D/Characters/Futuristic girl/Textures/Futuristiс_Girl_Armor_Mask2.png using Guid(1f943dac066bda3409132000ae309b34) Importer(815301076,1909f56bfc062723c751e8b465ee728b) (PreviewImporter) -> (Import Result ID: 'ab0a517ba12f9faa8c786782e37f7794') in 0.0586308 seconds [static and dynamic dependencies]. Details - ImportResultOutputID=b597c52193094707f0e2921dc293db71 DependenciesID=9b5fb939e9d16c189dfca28dd75bb53f StaticDependenciesID=79c2a446cdd1947116e6e2a45f67df31 
Number of updated asset objects reloaded before import = 0Number of asset objects unloaded after import = 2

