[Licensing::Module] Trying to connect to existing licensing client channel...
Built from '6000.4/staging' branch; Version is '6000.4.6f1 (0b051c2e5d54) revision 722204'; Using compiler version '194234433'; Build Type 'Release'
[Licensing::IpcConnector] Successfully connected to: "LicenseClient-apple" at "2026-05-14T12:20:51.3277413Z"
OS: 'Windows 11  (10.0.26200) Core' Language: 'ko' Physical Memory: 63062 MB
BatchMode: 1, IsHumanControllingUs: 0, StartBugReporterOnCrash: 0, Is64bit: 1
System  architecture: x64
Process architecture: x64
Date: 2026-05-14T12:20:51Z

COMMAND LINE ARGUMENTS:
C:\Program Files\Unity\Hub\Editor\6000.4.6f1\Editor\Unity.exe
-adb2
-batchMode
-noUpm
-name
AssetImportWorker4
-projectPath
C:/GitProject1
-logFile
Logs/AssetImportWorker4.log
-srvPort
57417
-licensingIpc
LicenseClient-apple
-force-d3d12
-job-worker-count
15
-background-job-worker-count
8
-gc-helper-count
1
-name
AssetImport
Successfully changed project path to: C:/GitProject1
C:/GitProject1
[UnityMemory] Configuration Parameters - Can be set up in boot.config
    "memorysetup-temp-allocator-size-gi-baking-worker=262144"
    "memorysetup-temp-allocator-size-gi-baking-worker=262144"
    "memorysetup-temp-allocator-size-gi-baking-worker=262144"
    "memorysetup-temp-allocator-size-gi-baking-worker=262144"
    "memorysetup-temp-allocator-size-gi-baking-worker=262144"
    "memorysetup-temp-allocator-size-nav-mesh-worker=65536"
    "memorysetup-temp-allocator-size-audio-worker=65536"
    "memorysetup-temp-allocator-size-cloud-worker=32768"
    "memorysetup-temp-allocator-size-gfx=262144"
    "memorysetup-temp-allocator-size-preload-manager=33554432"
    "memorysetup-temp-allocator-size-job-worker=262144"
    "memorysetup-temp-allocator-size-background-worker=32768"
    "memorysetup-allocator-temp-initial-block-size-main=262144"
    "memorysetup-allocator-temp-initial-block-size-worker=262144"
    "memorysetup-bucket-allocator-granularity=16"
    "memorysetup-bucket-allocator-bucket-count=8"
    "memorysetup-bucket-allocator-block-size=33554432"
    "memorysetup-bucket-allocator-block-count=8"
    "memorysetup-main-allocator-block-size=16777216"
    "memorysetup-thread-allocator-block-size=16777216"
    "memorysetup-gfx-main-allocator-block-size=16777216"
    "memorysetup-gfx-thread-allocator-block-size=16777216"
    "memorysetup-cache-allocator-block-size=4194304"
    "memorysetup-typetree-allocator-block-size=2097152"
    "memorysetup-profiler-bucket-allocator-granularity=16"
    "memorysetup-profiler-bucket-allocator-bucket-count=8"
    "memorysetup-profiler-bucket-allocator-block-size=33554432"
    "memorysetup-profiler-bucket-allocator-block-count=8"
    "memorysetup-profiler-allocator-block-size=16777216"
    "memorysetup-profiler-editor-allocator-block-size=1048576"
    "memorysetup-temp-allocator-size-main=16777216"
    "memorysetup-job-temp-allocator-block-size=2097152"
    "memorysetup-job-temp-allocator-block-size-background=1048576"
    "memorysetup-job-temp-allocator-reduction-small-platforms=262144"
Player connection [48332]  Target information:

Player connection [48332]  * "[IP] 192.168.45.63 [Port] 0 [Flags] 2 [Guid] 3707216873 [EditorId] 3707216873 [Version] 1048832 [Id] WindowsEditor(7,┴÷Į├Ū÷) [Debug] 1 [PackageName] WindowsEditor [ProjectName] Editor" 

Player connection [48332] Host joined multi-casting on [225.0.0.222:54997]...
Player connection [48332] Host joined alternative multi-casting on [225.0.0.222:34997]...
JobSystem: Creating JobQueue using job-worker-count value 15
Input System module state changed to: Initialized.
[Physics::Module] Initialized fallback backend.
[Physics::Module] Id: 0xdecafbad
Library Redirect Path: Library/
[Physics::Module] Selected backend.
[Physics::Module] Name: PhysX
[Physics::Module] Id: 0xf2b8ea05
[Physics::Module] SDK Version: 4.1.2
[Physics::Module] Integration Version: 1.0.0
[Physics::Module] Threading Mode: Multi-Threaded
Refreshing native plugins compatible for Editor in 2.71 ms, found 4 plugins.
Initialize engine version: 6000.4.6f1 (0b051c2e5d54)
[Subsystems] Discovering subsystems at path C:/Program Files/Unity/Hub/Editor/6000.4.6f1/Editor/Data/Resources/UnitySubsystems
[Subsystems] Discovering subsystems at path C:/GitProject1/Assets
Forcing GfxDevice: Direct3D 12
GfxDevice: creating device client; kGfxThreadingModeNonThreaded
d3d12: failed to query info queue interface (0x80004002).
Direct3D:
    Version:         Direct3D 12 [level 12.2]
    Renderer:        NVIDIA GeForce RTX 5080 (ID=0x2c02)
    Vendor:          NVIDIA
    VRAM:            15977 MB
    App VRAM Budget: 15209 MB
    Driver:          32.0.15.9186
Initialize mono
Mono path[0] = 'C:/Program Files/Unity/Hub/Editor/6000.4.6f1/Editor/Data/Managed'
Mono path[1] = 'C:/Program Files/Unity/Hub/Editor/6000.4.6f1/Editor/Data/MonoBleedingEdge/lib/mono/unityjit-win32'
Mono config path = 'C:/Program Files/Unity/Hub/Editor/6000.4.6f1/Editor/Data/MonoBleedingEdge/etc'
Using monoOptions --debugger-agent=transport=dt_socket,embedding=1,server=y,suspend=n,address=127.0.0.1:56752
CodeReloadManager initialized
Begin MonoManager ReloadAssembly
Registering precompiled unity dll's ...
Register platform support module: C:/Program Files/Unity/Hub/Editor/6000.4.6f1/Editor/Data/PlaybackEngines/WebGLSupport/UnityEditor.WebGL.Extensions.dll
Register platform support module: C:/Program Files/Unity/Hub/Editor/6000.4.6f1/Editor/Data/PlaybackEngines/WindowsStandaloneSupport/UnityEditor.WindowsStandalone.Extensions.dll
Registered in 0.002030 seconds.
Native extension for WindowsStandalone target not found
Native extension for WebGL target not found
Package Manager log level set to [2]
[Package Manager] Failed to launch server process. Reason: Unity was launched with the -noUpm command-line argument
[Package Manager] Unable to send message (not connected to server process).
[Package Manager] Cannot connect to Unity Package Manager local server
[Licensing::Client] Error: HandshakeResponse reported an error:
	ResponseCode: 505
	ResponseStatus: Unsupported protocol version '1.18.1'.
[Licensing::Module] Error: Failed to handshake to channel: "LicenseClient-apple"
[Licensing::IpcConnector] LicenseClient-apple channel disconnected successfully.
[Licensing::IpcConnector] Successfully connected to: "LicenseClient-apple-6000.4.6" at "2026-05-14T12:20:52.2613592Z"
[Licensing::Client] Code 10 while verifying Licensing Client signature (process Id: 22816, path: "C:/Program Files/Unity/Hub/Editor/6000.4.6f1/Editor/Data/Resources/Licensing/Client/Unity.Licensing.Client.exe")
[Licensing::Module] LicensingClient has failed validation; ignoring
[Licensing::Client] Handshaking with LicensingClient:
  Version:                 1.18.1+9fbee8e
  Session Id:              b8b16b872d894dc4937aefb42fdb12aa
  Correlation Id:          99617c7da4a90a9b91d5e254b9088e57
  External correlation Id: 555916566212314654
  Machine Id:              u+5c1vbJpLD761VzxK6sTTT2SE8=
[Licensing::Module] Successfully connected to LicensingClient on channel: "LicenseClient-apple-6000.4.6" (connect: 0.00s, validation: 0.00s, handshake: 0.01s)
[Licensing::IpcConnector] Successfully connected to: "LicenseClient-apple-6000.4.6-notifications" at "2026-05-14T12:20:52.267558Z"
[Licensing::Module] Licensing Background thread has ended after 0.94s
ScheduleIndexationOnStartup MainProcess:False IndexOnStartup:True
Mono: successfully reloaded assembly
- Finished resetting the current domain, in  0.226 seconds
Domain Reload Profiling: 502ms
	BeginReloadAssembly (81ms)
	RebuildCommonClasses (22ms)
	RebuildNativeTypeToScriptingClass (7ms)
	initialDomainReloadingComplete (43ms)
	LoadAllAssembliesAndSetupDomain (121ms)
		LoadAssemblies (76ms)
		AnalyzeDomain (115ms)
			TypeCache.Refresh (114ms)
				TypeCache.ScanAssembly (105ms)
	FinalizeReload (227ms)
		SetupLoadedEditorAssemblies (0ms)
			InitializePlatformSupportModulesInManaged (28ms)
			BeforeProcessingInitializeOnLoad (46ms)
			ProcessInitializeOnLoadAttributes (63ms)
			ProcessInitializeOnLoadMethodAttributes (51ms)
========================================================================
Worker process is ready to serve import requests
Import Worker Mode flag is 0x00
Begin MonoManager ReloadAssembly
[Licensing::Client] Successfully resolved entitlement details
[Licensing::Module] License group:
  Id: 14569749878227-UnityPersXXXX
  Product: Unity Personal
  Type: Assigned
  Expiration: Unlimited
Assembly Assembly-CSharp-Editor-firstpass.dll at Library/ScriptAssemblies/Assembly-CSharp-Editor-firstpass.dll not valid. Loading of assembly skipped.
Assembly Assembly-CSharp-firstpass.dll at Library/ScriptAssemblies/Assembly-CSharp-firstpass.dll not valid. Loading of assembly skipped.
Assembly DocCodeExamples.dll at Library/ScriptAssemblies/DocCodeExamples.dll not valid. Loading of assembly skipped.
Assembly TestNewCustomAssembly.dll at Library/ScriptAssemblies/TestNewCustomAssembly.dll not valid. Loading of assembly skipped.
Assembly Unity.InputSystem.IntegrationTests.dll at Library/ScriptAssemblies/Unity.InputSystem.IntegrationTests.dll not valid. Loading of assembly skipped.
Assembly Unity.Multiplayer.Center.Editor.Tests.dll at Library/ScriptAssemblies/Unity.Multiplayer.Center.Editor.Tests.dll not valid. Loading of assembly skipped.
Assembly Unity.Multiplayer.Center.Tests.dll at Library/ScriptAssemblies/Unity.Multiplayer.Center.Tests.dll not valid. Loading of assembly skipped.
Assembly Unity.Performance.Profile-Analyzer.EditorTests.dll at Library/ScriptAssemblies/Unity.Performance.Profile-Analyzer.EditorTests.dll not valid. Loading of assembly skipped.
Assembly Unity.Settings.Tests.dll at Library/ScriptAssemblies/Unity.Settings.Tests.dll not valid. Loading of assembly skipped.
Assembly Unity.TestTools.CodeCoverage.Editor.Compatibility.dll at Library/ScriptAssemblies/Unity.TestTools.CodeCoverage.Editor.Compatibility.dll not valid. Loading of assembly skipped.
Assembly Unity.TextMeshPro.Editor.Tests.dll at Library/ScriptAssemblies/Unity.TextMeshPro.Editor.Tests.dll not valid. Loading of assembly skipped.
Assembly Unity.TextMeshPro.Tests.dll at Library/ScriptAssemblies/Unity.TextMeshPro.Tests.dll not valid. Loading of assembly skipped.
Assembly UnityEditor.UI.Common.Tests.dll at Library/ScriptAssemblies/UnityEditor.UI.Common.Tests.dll not valid. Loading of assembly skipped.
Assembly UnityEditor.UI.EditorTests.dll at Library/ScriptAssemblies/UnityEditor.UI.EditorTests.dll not valid. Loading of assembly skipped.
Assembly UnityEngine.UI.Tests.dll at Library/ScriptAssemblies/UnityEngine.UI.Tests.dll not valid. Loading of assembly skipped.
Native extension for WindowsStandalone target not found
Native extension for WebGL target not found
[Package Manager] Failed to launch server process. Reason: Unity was launched with the -noUpm command-line argument
[Package Manager] Unable to send message (not connected to server process).
[Package Manager] Cannot connect to Unity Package Manager local server
[Package Manager] Failed to launch server process. Reason: Unity was launched with the -noUpm command-line argument
[Package Manager] Unable to send message (not connected to server process).
[Package Manager] Cannot connect to Unity Package Manager local server
ScheduleIndexationOnStartup MainProcess:False IndexOnStartup:True
Mono: successfully reloaded assembly
- Finished resetting the current domain, in  0.321 seconds
Domain Reload Profiling: 747ms
	BeginReloadAssembly (116ms)
		DisableScriptedObjects (3ms)
		CreateAndSetChildDomain (22ms)
	RebuildCommonClasses (22ms)
	RebuildNativeTypeToScriptingClass (7ms)
	initialDomainReloadingComplete (45ms)
	LoadAllAssembliesAndSetupDomain (236ms)
		LoadAssemblies (186ms)
		AnalyzeDomain (112ms)
			TypeCache.Refresh (89ms)
				TypeCache.ScanAssembly (81ms)
			BuildScriptInfoCaches (19ms)
			ResolveRequiredComponents (3ms)
	FinalizeReload (321ms)
		SetupLoadedEditorAssemblies (0ms)
			BeforeProcessingInitializeOnLoad (63ms)
			ProcessInitializeOnLoadAttributes (148ms)
			ProcessInitializeOnLoadMethodAttributes (25ms)
			AfterProcessingInitializeOnLoad (6ms)
		AwakeInstancesAfterBackupRestoration (8ms)
Launched and connected shader compiler UnityShaderCompiler.exe after 0.01 seconds
Unloading 0 Unused Serialized files (Serialized files now loaded: 0)
Unloading 4169 unused Assets / (0.9 MB). Loaded Objects now: 4772.
Memory consumption went from 101.4 MB to 100.5 MB.
Total: 4.269500 ms (FindLiveObjects: 0.417700 ms CreateObjectMapping: 0.094900 ms MarkObjects: 3.030200 ms  DeleteObjects: 0.725000 ms)

========================================================================
Received Import Request.
  Time since last request: 2652.913388 seconds.
  path: Assets/NoobGameDev/Health System For Dummies/System/Editor/HealthSystemEditor.cs
  importAddress: Guid(50aa1676abe9a4a49ac5879ddc853a6d) Importer(815301076,1909f56bfc062723c751e8b465ee728b)
Start importing Assets/NoobGameDev/Health System For Dummies/System/Editor/HealthSystemEditor.cs using Guid(50aa1676abe9a4a49ac5879ddc853a6d) Importer(815301076,1909f56bfc062723c751e8b465ee728b) (PreviewImporter) -> (Import Result ID: '902bae2bc3b9ec70fe89dd258405c414') in 0.0048028 seconds [static and dynamic dependencies]. Details - ImportResultOutputID=09fb8d6317148389b66d26948b0bc59f DependenciesID=b2caf03cb995b7ef0763a471284ddd84 StaticDependenciesID=bb62bc0116794586671bd4fe5381ab39 
Number of updated asset objects reloaded before import = 0Number of asset objects unloaded after import = 0

========================================================================
Received Import Request.
  Time since last request: 5.169978 seconds.
  path: Assets/NoobGameDev/Health System For Dummies/System/HealthSystemForDummies.cs
  importAddress: Guid(838309562495a0244b14dc08b90778c8) Importer(815301076,1909f56bfc062723c751e8b465ee728b)
Start importing Assets/NoobGameDev/Health System For Dummies/System/HealthSystemForDummies.cs using Guid(838309562495a0244b14dc08b90778c8) Importer(815301076,1909f56bfc062723c751e8b465ee728b) (PreviewImporter) -> (Import Result ID: '6664e0e24b1ea1fd8d8f02dd7ce603e2') in 0.0006179 seconds [static and dynamic dependencies]. Details - ImportResultOutputID=69180ccbc1e36690287d4ceb987928af DependenciesID=ad1133a8dc366dbe4cd677306a841743 StaticDependenciesID=d9c4eb18b46b4f638654c5bd5d90c373 
Number of updated asset objects reloaded before import = 0Number of asset objects unloaded after import = 0

========================================================================
Received Prepare
Begin MonoManager ReloadAssembly
[Licensing::Client] Successfully resolved entitlement details
Assembly Assembly-CSharp-Editor-firstpass.dll at Library/ScriptAssemblies/Assembly-CSharp-Editor-firstpass.dll not valid. Loading of assembly skipped.
Assembly Assembly-CSharp-firstpass.dll at Library/ScriptAssemblies/Assembly-CSharp-firstpass.dll not valid. Loading of assembly skipped.
Assembly DocCodeExamples.dll at Library/ScriptAssemblies/DocCodeExamples.dll not valid. Loading of assembly skipped.
Assembly TestNewCustomAssembly.dll at Library/ScriptAssemblies/TestNewCustomAssembly.dll not valid. Loading of assembly skipped.
Assembly Unity.InputSystem.IntegrationTests.dll at Library/ScriptAssemblies/Unity.InputSystem.IntegrationTests.dll not valid. Loading of assembly skipped.
Assembly Unity.Multiplayer.Center.Editor.Tests.dll at Library/ScriptAssemblies/Unity.Multiplayer.Center.Editor.Tests.dll not valid. Loading of assembly skipped.
Assembly Unity.Multiplayer.Center.Tests.dll at Library/ScriptAssemblies/Unity.Multiplayer.Center.Tests.dll not valid. Loading of assembly skipped.
Assembly Unity.Performance.Profile-Analyzer.EditorTests.dll at Library/ScriptAssemblies/Unity.Performance.Profile-Analyzer.EditorTests.dll not valid. Loading of assembly skipped.
Assembly Unity.Settings.Tests.dll at Library/ScriptAssemblies/Unity.Settings.Tests.dll not valid. Loading of assembly skipped.
Assembly Unity.TestTools.CodeCoverage.Editor.Compatibility.dll at Library/ScriptAssemblies/Unity.TestTools.CodeCoverage.Editor.Compatibility.dll not valid. Loading of assembly skipped.
Assembly Unity.TextMeshPro.Editor.Tests.dll at Library/ScriptAssemblies/Unity.TextMeshPro.Editor.Tests.dll not valid. Loading of assembly skipped.
Assembly Unity.TextMeshPro.Tests.dll at Library/ScriptAssemblies/Unity.TextMeshPro.Tests.dll not valid. Loading of assembly skipped.
Assembly UnityEditor.UI.Common.Tests.dll at Library/ScriptAssemblies/UnityEditor.UI.Common.Tests.dll not valid. Loading of assembly skipped.
Assembly UnityEditor.UI.EditorTests.dll at Library/ScriptAssemblies/UnityEditor.UI.EditorTests.dll not valid. Loading of assembly skipped.
Assembly UnityEngine.UI.Tests.dll at Library/ScriptAssemblies/UnityEngine.UI.Tests.dll not valid. Loading of assembly skipped.
Native extension for WindowsStandalone target not found
Native extension for WebGL target not found
[Package Manager] Failed to launch server process. Reason: Unity was launched with the -noUpm command-line argument
[Package Manager] Unable to send message (not connected to server process).
[Package Manager] Cannot connect to Unity Package Manager local server
[Package Manager] Failed to launch server process. Reason: Unity was launched with the -noUpm command-line argument
[Package Manager] Unable to send message (not connected to server process).
[Package Manager] Cannot connect to Unity Package Manager local server
ScheduleIndexationOnStartup MainProcess:False IndexOnStartup:True
Mono: successfully reloaded assembly
- Finished resetting the current domain, in  0.347 seconds
Domain Reload Profiling: 806ms
	BeginReloadAssembly (143ms)
		DisableScriptedObjects (3ms)
		CreateAndSetChildDomain (32ms)
	RebuildCommonClasses (23ms)
	RebuildNativeTypeToScriptingClass (8ms)
	initialDomainReloadingComplete (47ms)
	LoadAllAssembliesAndSetupDomain (238ms)
		LoadAssemblies (214ms)
		AnalyzeDomain (90ms)
			TypeCache.Refresh (7ms)
			BuildScriptInfoCaches (79ms)
			ResolveRequiredComponents (3ms)
	FinalizeReload (347ms)
		SetupLoadedEditorAssemblies (0ms)
			BeforeProcessingInitializeOnLoad (71ms)
			ProcessInitializeOnLoadAttributes (151ms)
			ProcessInitializeOnLoadMethodAttributes (28ms)
			AfterProcessingInitializeOnLoad (6ms)
		AwakeInstancesAfterBackupRestoration (9ms)
Unloading 0 Unused Serialized files (Serialized files now loaded: 0)
Unloading 4167 unused Assets / (0.9 MB). Loaded Objects now: 4776.
Memory consumption went from 102.3 MB to 101.4 MB.
Total: 4.651300 ms (FindLiveObjects: 0.486100 ms CreateObjectMapping: 0.105500 ms MarkObjects: 3.219500 ms  DeleteObjects: 0.839400 ms)

Prepare: number of updated asset objects reloaded= 0
========================================================================
Received Import Request.
  Time since last request: 187.604089 seconds.
  path: Assets/NoobGameDev/Health System For Dummies/System/Bar/Images/blood_red_bar_fill.png
  importAddress: Guid(da72f25464794b94187e246bc34beade) Importer(815301076,1909f56bfc062723c751e8b465ee728b)
Start importing Assets/NoobGameDev/Health System For Dummies/System/Bar/Images/blood_red_bar_fill.png using Guid(da72f25464794b94187e246bc34beade) Importer(815301076,1909f56bfc062723c751e8b465ee728b) (PreviewImporter) -> (Import Result ID: '494f5daff841712b81b1baa84508518a') in 0.0694013 seconds [static and dynamic dependencies]. Details - ImportResultOutputID=5e206644cbac8d35bc074698db7ece67 DependenciesID=bc4b7601b2f9c6193d840c454f5a2e35 StaticDependenciesID=f269458aa1d45e11e1b98919999517b8 
Number of updated asset objects reloaded before import = 0Number of asset objects unloaded after import = 3

========================================================================
Received Import Request.
  Time since last request: 0.000023 seconds.
  path: Assets/NoobGameDev/Health System For Dummies/System/Example Scene/Sprites/dead_5.png
  importAddress: Guid(30eebd4b46c285b48bbeb56085c02e75) Importer(815301076,1909f56bfc062723c751e8b465ee728b)
Start importing Assets/NoobGameDev/Health System For Dummies/System/Example Scene/Sprites/dead_5.png using Guid(30eebd4b46c285b48bbeb56085c02e75) Importer(815301076,1909f56bfc062723c751e8b465ee728b) (PreviewImporter) -> (Import Result ID: 'd6446747d665fdcb694e0ea05b64d684') in 0.0126838 seconds [static and dynamic dependencies]. Details - ImportResultOutputID=a64cb019ecf7317262923f6adc9ddf84 DependenciesID=8aa5e1cf464524956d3afdf427db0b91 StaticDependenciesID=53a1824288056d519002af1d4c254e17 
Number of updated asset objects reloaded before import = 0Number of asset objects unloaded after import = 3

========================================================================
Received Import Request.
  Time since last request: 0.000023 seconds.
  path: Assets/NoobGameDev/Health System For Dummies/System/Example Scene/Sprites/dead_4.png
  importAddress: Guid(99c734329e36dd94289bc6e595fbc241) Importer(815301076,1909f56bfc062723c751e8b465ee728b)
Start importing Assets/NoobGameDev/Health System For Dummies/System/Example Scene/Sprites/dead_4.png using Guid(99c734329e36dd94289bc6e595fbc241) Importer(815301076,1909f56bfc062723c751e8b465ee728b) (PreviewImporter) -> (Import Result ID: '5477d2a668066361845447a5e3c95730') in 0.0117117 seconds [static and dynamic dependencies]. Details - ImportResultOutputID=b31a8f128e81a2580fc4a21a4bc6db90 DependenciesID=b560f6243a1ecdc7b64f8bf02fe5ce5b StaticDependenciesID=95534241dfe87989351a7a6eb5dfef41 
Number of updated asset objects reloaded before import = 0Number of asset objects unloaded after import = 3

========================================================================
Received Import Request.
  Time since last request: 2.490101 seconds.
  path: Assets/NoobGameDev/Health System For Dummies/System/Example Scene/Sprites/hurt_4.png
  importAddress: Guid(7fdf8bf1621aaaa4c9330ea7f5718fb5) Importer(815301076,1909f56bfc062723c751e8b465ee728b)
Start importing Assets/NoobGameDev/Health System For Dummies/System/Example Scene/Sprites/hurt_4.png using Guid(7fdf8bf1621aaaa4c9330ea7f5718fb5) Importer(815301076,1909f56bfc062723c751e8b465ee728b) (PreviewImporter) -> (Import Result ID: '2c90edad7cc8f6a745857b53428f04f3') in 0.0129745 seconds [static and dynamic dependencies]. Details - ImportResultOutputID=cefd80b8be3602b7bf28ffd286ad9608 DependenciesID=060ca706e9f739f5e11cb0e9eefb54dc StaticDependenciesID=edd3c7037f32b12bd1274ee58fd5810b 
Number of updated asset objects reloaded before import = 0Number of asset objects unloaded after import = 3

========================================================================
Received Import Request.
  Time since last request: 0.652301 seconds.
  path: Assets/NoobGameDev/Health System For Dummies/System/Example Scene/Sprites/idle_1.png
  importAddress: Guid(46d0b7ee12d7e024289ab7445c09d59b) Importer(815301076,1909f56bfc062723c751e8b465ee728b)
Start importing Assets/NoobGameDev/Health System For Dummies/System/Example Scene/Sprites/idle_1.png using Guid(46d0b7ee12d7e024289ab7445c09d59b) Importer(815301076,1909f56bfc062723c751e8b465ee728b) (PreviewImporter) -> (Import Result ID: '9b27f517f88bc3a9eb09b92fd2c20347') in 0.0258258 seconds [static and dynamic dependencies]. Details - ImportResultOutputID=6a02f1fd7de5670757d1f033ee18b3c9 DependenciesID=e5b592df739b537575ac548e6221c200 StaticDependenciesID=eeba31f785d1ce3567340143a34142a2 
Number of updated asset objects reloaded before import = 0Number of asset objects unloaded after import = 3

========================================================================
Received Import Request.
  Time since last request: 0.790744 seconds.
  path: Assets/NoobGameDev/Health System For Dummies/System/Example Scene/Sprites/idle_4.png
  importAddress: Guid(6a0d050ad56314848ba413bf81fb16e8) Importer(815301076,1909f56bfc062723c751e8b465ee728b)
Start importing Assets/NoobGameDev/Health System For Dummies/System/Example Scene/Sprites/idle_4.png using Guid(6a0d050ad56314848ba413bf81fb16e8) Importer(815301076,1909f56bfc062723c751e8b465ee728b) (PreviewImporter) -> (Import Result ID: '2ac1bb38e530716cb5b5ec206bc9edeb') in 0.0129474 seconds [static and dynamic dependencies]. Details - ImportResultOutputID=04bc6427df7517fe2b3d33c43a7e7ecc DependenciesID=0472b9cac9274f2c29ee88ddb67c13c7 StaticDependenciesID=5dc41781e036c46c406ea2a448f5a025 
Number of updated asset objects reloaded before import = 0Number of asset objects unloaded after import = 3

========================================================================
Received Import Request.
  Time since last request: 2.703183 seconds.
  path: Assets/NoobGameDev/Health System For Dummies/System/Bar/Images/blood_red_bar_border.png
  importAddress: Guid(b8e4100f52c4a2841aeb32cde8375fba) Importer(815301076,1909f56bfc062723c751e8b465ee728b)
Start importing Assets/NoobGameDev/Health System For Dummies/System/Bar/Images/blood_red_bar_border.png using Guid(b8e4100f52c4a2841aeb32cde8375fba) Importer(815301076,1909f56bfc062723c751e8b465ee728b) (PreviewImporter) -> (Import Result ID: 'bb80cd3aececc9506b4bf5a16f08ec27') in 0.0111969 seconds [static and dynamic dependencies]. Details - ImportResultOutputID=2466ad9b2bf10dee8ae1bc88f82430c7 DependenciesID=95773b86ba94f8069ce53a03ac0f13aa StaticDependenciesID=6b3fae865e9e07f19f4ff2b3e0e3d491 
Number of updated asset objects reloaded before import = 0Number of asset objects unloaded after import = 3

========================================================================
Received Import Request.
  Time since last request: 125.666956 seconds.
  path: Assets/NoobGameDev/Health System For Dummies/System/Bar/Images
  importAddress: Guid(68bdf91e63e142642abdc3f484e5a103) Importer(815301076,1909f56bfc062723c751e8b465ee728b)
Start importing Assets/NoobGameDev/Health System For Dummies/System/Bar/Images using Guid(68bdf91e63e142642abdc3f484e5a103) Importer(815301076,1909f56bfc062723c751e8b465ee728b) (PreviewImporter) -> (Import Result ID: '1b340e3259ba04e1371f7592833e6be0') in 0.0006932 seconds [static and dynamic dependencies]. Details - ImportResultOutputID=960dbe3fbbc6c557bcdfb4cfe98b579e DependenciesID=c6c5dfa32fd83df25ffa26ec2875c605 StaticDependenciesID=d0f807a1efb1cde3d8ed3380ff9c7242 
Number of updated asset objects reloaded before import = 0Number of asset objects unloaded after import = 0

========================================================================
Received Import Request.
  Time since last request: 6.333992 seconds.
  path: Assets/My_Assets/Nomadic_UV/Foe_Creature/Scene/BackDrop/BackDrop.prefab
  importAddress: Guid(6f3dae64f3a059246857ceb960554118) Importer(815301076,1909f56bfc062723c751e8b465ee728b)
Start importing Assets/My_Assets/Nomadic_UV/Foe_Creature/Scene/BackDrop/BackDrop.prefab using Guid(6f3dae64f3a059246857ceb960554118) Importer(815301076,1909f56bfc062723c751e8b465ee728b) (PreviewImporter) -> (Import Result ID: 'afd23a1b0ef9a87bdc8bce58f5ccdefb') in 0.1406544 seconds [static and dynamic dependencies]. Details - ImportResultOutputID=0c1729bc937e99a45d826ac1bf2bad17 DependenciesID=a39d1e9395244448f027fc829e5d3220 StaticDependenciesID=255741c0cab268247eede958651910f7 
Number of updated asset objects reloaded before import = 0Number of asset objects unloaded after import = 14

========================================================================
Received Import Request.
  Time since last request: 0.000023 seconds.
  path: Assets/AlexMakes3D/Characters/Futuristic girl/Textures/Futurističü_Girl_Armor_BaseColor.png
  importAddress: Guid(6120744f4ba3d4f4aaca3ad9bbb73f8b) Importer(815301076,1909f56bfc062723c751e8b465ee728b)
Start importing Assets/AlexMakes3D/Characters/Futuristic girl/Textures/Futurističü_Girl_Armor_BaseColor.png using Guid(6120744f4ba3d4f4aaca3ad9bbb73f8b) Importer(815301076,1909f56bfc062723c751e8b465ee728b) (PreviewImporter) -> (Import Result ID: 'c4eadc3d81259a10825e4cb1186bc7f8') in 0.0224644 seconds [static and dynamic dependencies]. Details - ImportResultOutputID=075672837a0be60f321e0fa82239c8d4 DependenciesID=6ef09ff1fb289ac86a1810c2e86c5de8 StaticDependenciesID=e1dd0523d24d991beeea2c2a30639192 
Number of updated asset objects reloaded before import = 0Number of asset objects unloaded after import = 2

========================================================================
Received Import Request.
  Time since last request: 0.000028 seconds.
  path: Assets/My_Assets/Nomadic_UV/Foe_Creature/Scene/BackDrop/BackDrop.fbx
  importAddress: Guid(b96115f275001ca4e8517fbec2210b60) Importer(815301076,1909f56bfc062723c751e8b465ee728b)
Start importing Assets/My_Assets/Nomadic_UV/Foe_Creature/Scene/BackDrop/BackDrop.fbx using Guid(b96115f275001ca4e8517fbec2210b60) Importer(815301076,1909f56bfc062723c751e8b465ee728b) (PreviewImporter) -> (Import Result ID: 'a46b12a2a7dfc50a9661efa55beeee2d') in 0.0656402 seconds [static and dynamic dependencies]. Details - ImportResultOutputID=5e8f45473fd8afbaa6f8aeeacc00f850 DependenciesID=01973e12e4915fa0a8a17e2485dd0ca6 StaticDependenciesID=764f0eb98729644d1c042f28be1c7deb 
Number of updated asset objects reloaded before import = 0Number of asset objects unloaded after import = 7

========================================================================
Received Import Request.
  Time since last request: 0.000020 seconds.
  path: Assets/AlexMakes3D/Characters/Futuristic girl/Textures/Futurističü_Girl_Suit_AlbedoTransparency_B.png
  importAddress: Guid(2842c848ad83b6d4aadf8f2ffcd44910) Importer(815301076,1909f56bfc062723c751e8b465ee728b)
Start importing Assets/AlexMakes3D/Characters/Futuristic girl/Textures/Futurističü_Girl_Suit_AlbedoTransparency_B.png using Guid(2842c848ad83b6d4aadf8f2ffcd44910) Importer(815301076,1909f56bfc062723c751e8b465ee728b) (PreviewImporter) -> (Import Result ID: '8a9f95853991de3c9ed8bfc5b173cd9e') in 0.0138545 seconds [static and dynamic dependencies]. Details - ImportResultOutputID=4ef4c5c9f7c3286fff2a99b2e6a900e2 DependenciesID=c8ce632da2b83b6750da40bb4ad5fc52 StaticDependenciesID=60a029a7fb18128b94b66b5c90a4c5c5 
Number of updated asset objects reloaded before import = 0Number of asset objects unloaded after import = 2

========================================================================
Received Import Request.
  Time since last request: 0.000024 seconds.
  path: Assets/AlexMakes3D/Characters/Futuristic girl/Prefabs/Futuristic_Girl Blue.prefab
  importAddress: Guid(b3e4b7ddffd500f40b065aebcfe9c9a5) Importer(815301076,1909f56bfc062723c751e8b465ee728b)
Start importing Assets/AlexMakes3D/Characters/Futuristic girl/Prefabs/Futuristic_Girl Blue.prefab using Guid(b3e4b7ddffd500f40b065aebcfe9c9a5) Importer(815301076,1909f56bfc062723c751e8b465ee728b) (PreviewImporter) -> (Import Result ID: '920d65465266e3a65401f37d3ca72ba0') in 0.24526 seconds [static and dynamic dependencies]. Details - ImportResultOutputID=ebacc371b12d540455feaff5aa06b6c2 DependenciesID=0e158cb4723d47b0bd79d0cc0c246814 StaticDependenciesID=e7e5a64b9481961cd4fb31fec407addc 
Number of updated asset objects reloaded before import = 0Number of asset objects unloaded after import = 177

Editor requested this worker to shutdown with reason: Scaling down because of idle timeout
AssetImportWorker is now disconnected from the server
Process exiting
Exiting without the bug reporter. Application will terminate with return code 0