[Licensing::Module] Trying to connect to existing licensing client channel...
Built from '6000.4/staging' branch; Version is '6000.4.6f1 (0b051c2e5d54) revision 722204'; Using compiler version '194234433'; Build Type 'Release'
[Licensing::IpcConnector] Successfully connected to: "LicenseClient-apple" at "2026-05-13T14:26:12.4491784Z"
OS: 'Windows 11  (10.0.26200) Core' Language: 'ko' Physical Memory: 63062 MB
BatchMode: 1, IsHumanControllingUs: 0, StartBugReporterOnCrash: 0, Is64bit: 1
System  architecture: x64
Process architecture: x64
Date: 2026-05-13T14:26:12Z

COMMAND LINE ARGUMENTS:
C:\Program Files\Unity\Hub\Editor\6000.4.6f1\Editor\Unity.exe
-adb2
-batchMode
-noUpm
-name
AssetImportWorker1
-projectPath
C:/GitProject1
-logFile
Logs/AssetImportWorker1.log
-srvPort
58561
-licensingIpc
LicenseClient-apple
-force-d3d12
-job-worker-count
15
-background-job-worker-count
8
-gc-helper-count
1
-name
AssetImport
Successfully changed project path to: C:/GitProject1
C:/GitProject1
[UnityMemory] Configuration Parameters - Can be set up in boot.config
    "memorysetup-temp-allocator-size-gi-baking-worker=262144"
    "memorysetup-temp-allocator-size-gi-baking-worker=262144"
    "memorysetup-temp-allocator-size-gi-baking-worker=262144"
    "memorysetup-temp-allocator-size-gi-baking-worker=262144"
    "memorysetup-temp-allocator-size-gi-baking-worker=262144"
    "memorysetup-temp-allocator-size-nav-mesh-worker=65536"
    "memorysetup-temp-allocator-size-audio-worker=65536"
    "memorysetup-temp-allocator-size-cloud-worker=32768"
    "memorysetup-temp-allocator-size-gfx=262144"
    "memorysetup-temp-allocator-size-preload-manager=33554432"
    "memorysetup-temp-allocator-size-job-worker=262144"
    "memorysetup-temp-allocator-size-background-worker=32768"
    "memorysetup-allocator-temp-initial-block-size-main=262144"
    "memorysetup-allocator-temp-initial-block-size-worker=262144"
    "memorysetup-bucket-allocator-granularity=16"
    "memorysetup-bucket-allocator-bucket-count=8"
    "memorysetup-bucket-allocator-block-size=33554432"
    "memorysetup-bucket-allocator-block-count=8"
    "memorysetup-main-allocator-block-size=16777216"
    "memorysetup-thread-allocator-block-size=16777216"
    "memorysetup-gfx-main-allocator-block-size=16777216"
    "memorysetup-gfx-thread-allocator-block-size=16777216"
    "memorysetup-cache-allocator-block-size=4194304"
    "memorysetup-typetree-allocator-block-size=2097152"
    "memorysetup-profiler-bucket-allocator-granularity=16"
    "memorysetup-profiler-bucket-allocator-bucket-count=8"
    "memorysetup-profiler-bucket-allocator-block-size=33554432"
    "memorysetup-profiler-bucket-allocator-block-count=8"
    "memorysetup-profiler-allocator-block-size=16777216"
    "memorysetup-profiler-editor-allocator-block-size=1048576"
    "memorysetup-temp-allocator-size-main=16777216"
    "memorysetup-job-temp-allocator-block-size=2097152"
    "memorysetup-job-temp-allocator-block-size-background=1048576"
    "memorysetup-job-temp-allocator-reduction-small-platforms=262144"
Player connection [56052]  Target information:

Player connection [56052]  * "[IP] 192.168.45.63 [Port] 0 [Flags] 2 [Guid] 3010634658 [EditorId] 3010634658 [Version] 1048832 [Id] WindowsEditor(7,┴÷Į├Ū÷) [Debug] 1 [PackageName] WindowsEditor [ProjectName] Editor" 

Player connection [56052] Host joined multi-casting on [225.0.0.222:54997]...
Player connection [56052] Host joined alternative multi-casting on [225.0.0.222:34997]...
JobSystem: Creating JobQueue using job-worker-count value 15
Input System module state changed to: Initialized.
[Physics::Module] Initialized fallback backend.
[Physics::Module] Id: 0xdecafbad
Library Redirect Path: Library/
[Physics::Module] Selected backend.
[Physics::Module] Name: PhysX
[Physics::Module] Id: 0xf2b8ea05
[Physics::Module] SDK Version: 4.1.2
[Physics::Module] Integration Version: 1.0.0
[Physics::Module] Threading Mode: Multi-Threaded
Refreshing native plugins compatible for Editor in 4.43 ms, found 4 plugins.
Initialize engine version: 6000.4.6f1 (0b051c2e5d54)
[Subsystems] Discovering subsystems at path C:/Program Files/Unity/Hub/Editor/6000.4.6f1/Editor/Data/Resources/UnitySubsystems
[Subsystems] Discovering subsystems at path C:/GitProject1/Assets
Forcing GfxDevice: Direct3D 12
GfxDevice: creating device client; kGfxThreadingModeNonThreaded
d3d12: failed to query info queue interface (0x80004002).
Direct3D:
    Version:         Direct3D 12 [level 12.2]
    Renderer:        NVIDIA GeForce RTX 5080 (ID=0x2c02)
    Vendor:          NVIDIA
    VRAM:            15977 MB
    App VRAM Budget: 15209 MB
    Driver:          32.0.15.9186
Initialize mono
Mono path[0] = 'C:/Program Files/Unity/Hub/Editor/6000.4.6f1/Editor/Data/Managed'
Mono path[1] = 'C:/Program Files/Unity/Hub/Editor/6000.4.6f1/Editor/Data/MonoBleedingEdge/lib/mono/unityjit-win32'
Mono config path = 'C:/Program Files/Unity/Hub/Editor/6000.4.6f1/Editor/Data/MonoBleedingEdge/etc'
Using monoOptions --debugger-agent=transport=dt_socket,embedding=1,server=y,suspend=n,address=127.0.0.1:56680
CodeReloadManager initialized
Begin MonoManager ReloadAssembly
Registering precompiled unity dll's ...
Register platform support module: C:/Program Files/Unity/Hub/Editor/6000.4.6f1/Editor/Data/PlaybackEngines/WebGLSupport/UnityEditor.WebGL.Extensions.dll
Register platform support module: C:/Program Files/Unity/Hub/Editor/6000.4.6f1/Editor/Data/PlaybackEngines/WindowsStandaloneSupport/UnityEditor.WindowsStandalone.Extensions.dll
Registered in 0.003547 seconds.
[Licensing::Client] Error: HandshakeResponse reported an error:
	ResponseCode: 505
	ResponseStatus: Unsupported protocol version '1.18.1'.
[Licensing::Module] Error: Failed to handshake to channel: "LicenseClient-apple"
[Licensing::IpcConnector] LicenseClient-apple channel disconnected successfully.
[Licensing::IpcConnector] Successfully connected to: "LicenseClient-apple-6000.4.6" at "2026-05-13T14:26:13.7947443Z"
[Licensing::Client] Code 10 while verifying Licensing Client signature (process Id: 41328, path: "C:/Program Files/Unity/Hub/Editor/6000.4.6f1/Editor/Data/Resources/Licensing/Client/Unity.Licensing.Client.exe")
[Licensing::Module] LicensingClient has failed validation; ignoring
[Licensing::Client] Handshaking with LicensingClient:
  Version:                 1.18.1+9fbee8e
  Session Id:              d56da9a23f87419aa0145df0a3d4fdf3
  Correlation Id:          822c03f6811857d9ee15fc02d6aaedcd
  External correlation Id: 8596544627168410808
  Machine Id:              u+5c1vbJpLD761VzxK6sTTT2SE8=
[Licensing::Module] Successfully connected to LicensingClient on channel: "LicenseClient-apple-6000.4.6" (connect: 0.00s, validation: 0.00s, handshake: 0.01s)
[Licensing::IpcConnector] Successfully connected to: "LicenseClient-apple-6000.4.6-notifications" at "2026-05-13T14:26:13.805466Z"
[Licensing::Module] Licensing Background thread has ended after 1.36s
Native extension for WindowsStandalone target not found
Native extension for WebGL target not found
Package Manager log level set to [2]
[Package Manager] Failed to launch server process. Reason: Unity was launched with the -noUpm command-line argument
[Package Manager] Unable to send message (not connected to server process).
[Package Manager] Cannot connect to Unity Package Manager local server
ScheduleIndexationOnStartup MainProcess:False IndexOnStartup:True
Mono: successfully reloaded assembly
- Finished resetting the current domain, in  0.264 seconds
Domain Reload Profiling: 657ms
	BeginReloadAssembly (123ms)
	RebuildCommonClasses (31ms)
	RebuildNativeTypeToScriptingClass (8ms)
	initialDomainReloadingComplete (68ms)
	LoadAllAssembliesAndSetupDomain (162ms)
		LoadAssemblies (117ms)
		AnalyzeDomain (152ms)
			TypeCache.Refresh (150ms)
				TypeCache.ScanAssembly (137ms)
	FinalizeReload (265ms)
		SetupLoadedEditorAssemblies (0ms)
			InitializePlatformSupportModulesInManaged (32ms)
			BeforeProcessingInitializeOnLoad (54ms)
			ProcessInitializeOnLoadAttributes (67ms)
			ProcessInitializeOnLoadMethodAttributes (63ms)
========================================================================
Worker process is ready to serve import requests
Import Worker Mode flag is 0x00
Begin MonoManager ReloadAssembly
[Licensing::Client] Successfully resolved entitlement details
[Licensing::Module] License group:
  Id: 14569749878227-UnityPersXXXX
  Product: Unity Personal
  Type: Assigned
  Expiration: Unlimited
Assembly Assembly-CSharp-Editor-firstpass.dll at Library/ScriptAssemblies/Assembly-CSharp-Editor-firstpass.dll not valid. Loading of assembly skipped.
Assembly Assembly-CSharp-Editor.dll at Library/ScriptAssemblies/Assembly-CSharp-Editor.dll not valid. Loading of assembly skipped.
Assembly Assembly-CSharp-firstpass.dll at Library/ScriptAssemblies/Assembly-CSharp-firstpass.dll not valid. Loading of assembly skipped.
Assembly DocCodeExamples.dll at Library/ScriptAssemblies/DocCodeExamples.dll not valid. Loading of assembly skipped.
Assembly TestNewCustomAssembly.dll at Library/ScriptAssemblies/TestNewCustomAssembly.dll not valid. Loading of assembly skipped.
Assembly Unity.InputSystem.IntegrationTests.dll at Library/ScriptAssemblies/Unity.InputSystem.IntegrationTests.dll not valid. Loading of assembly skipped.
Assembly Unity.Multiplayer.Center.Editor.Tests.dll at Library/ScriptAssemblies/Unity.Multiplayer.Center.Editor.Tests.dll not valid. Loading of assembly skipped.
Assembly Unity.Multiplayer.Center.Tests.dll at Library/ScriptAssemblies/Unity.Multiplayer.Center.Tests.dll not valid. Loading of assembly skipped.
Assembly Unity.Performance.Profile-Analyzer.EditorTests.dll at Library/ScriptAssemblies/Unity.Performance.Profile-Analyzer.EditorTests.dll not valid. Loading of assembly skipped.
Assembly Unity.Settings.Tests.dll at Library/ScriptAssemblies/Unity.Settings.Tests.dll not valid. Loading of assembly skipped.
Assembly Unity.TestTools.CodeCoverage.Editor.Compatibility.dll at Library/ScriptAssemblies/Unity.TestTools.CodeCoverage.Editor.Compatibility.dll not valid. Loading of assembly skipped.
Assembly Unity.TextMeshPro.Editor.Tests.dll at Library/ScriptAssemblies/Unity.TextMeshPro.Editor.Tests.dll not valid. Loading of assembly skipped.
Assembly Unity.TextMeshPro.Tests.dll at Library/ScriptAssemblies/Unity.TextMeshPro.Tests.dll not valid. Loading of assembly skipped.
Assembly UnityEditor.UI.Common.Tests.dll at Library/ScriptAssemblies/UnityEditor.UI.Common.Tests.dll not valid. Loading of assembly skipped.
Assembly UnityEditor.UI.EditorTests.dll at Library/ScriptAssemblies/UnityEditor.UI.EditorTests.dll not valid. Loading of assembly skipped.
Assembly UnityEngine.UI.Tests.dll at Library/ScriptAssemblies/UnityEngine.UI.Tests.dll not valid. Loading of assembly skipped.
Refreshing native plugins compatible for Editor in 2.17 ms, found 4 plugins.
Native extension for WindowsStandalone target not found
Native extension for WebGL target not found
[Package Manager] Failed to launch server process. Reason: Unity was launched with the -noUpm command-line argument
[Package Manager] Unable to send message (not connected to server process).
[Package Manager] Cannot connect to Unity Package Manager local server
[Package Manager] Failed to launch server process. Reason: Unity was launched with the -noUpm command-line argument
[Package Manager] Unable to send message (not connected to server process).
[Package Manager] Cannot connect to Unity Package Manager local server
ScheduleIndexationOnStartup MainProcess:False IndexOnStartup:True
Mono: successfully reloaded assembly
- Finished resetting the current domain, in  0.402 seconds
Domain Reload Profiling: 1060ms
	BeginReloadAssembly (171ms)
		DisableScriptedObjects (4ms)
		CreateAndSetChildDomain (43ms)
	RebuildCommonClasses (30ms)
	RebuildNativeTypeToScriptingClass (9ms)
	initialDomainReloadingComplete (81ms)
	LoadAllAssembliesAndSetupDomain (366ms)
		LoadAssemblies (314ms)
		AnalyzeDomain (137ms)
			TypeCache.Refresh (112ms)
				TypeCache.ScanAssembly (98ms)
			BuildScriptInfoCaches (21ms)
			ResolveRequiredComponents (3ms)
	FinalizeReload (402ms)
		SetupLoadedEditorAssemblies (0ms)
			BeforeProcessingInitializeOnLoad (85ms)
			ProcessInitializeOnLoadAttributes (176ms)
			ProcessInitializeOnLoadMethodAttributes (30ms)
			AfterProcessingInitializeOnLoad (10ms)
		AwakeInstancesAfterBackupRestoration (10ms)
Launched and connected shader compiler UnityShaderCompiler.exe after 0.01 seconds
Refreshing native plugins compatible for Editor in 2.90 ms, found 4 plugins.
Unloading 0 Unused Serialized files (Serialized files now loaded: 0)
Unloading 4151 unused Assets / (1.2 MB). Loaded Objects now: 4738.
Memory consumption went from 98.8 MB to 97.6 MB.
Total: 6.141900 ms (FindLiveObjects: 0.883400 ms CreateObjectMapping: 0.119800 ms MarkObjects: 3.918300 ms  DeleteObjects: 1.216300 ms)

========================================================================
Received Import Request.
  Time since last request: 11810.374406 seconds.
  path: Assets/My_Assets/Nomadic_UV/Foe_Creature/Scene/BackDrop/BackDrop.fbx
  importAddress: Guid(b96115f275001ca4e8517fbec2210b60) Importer(2089858483,b0f066a214c2f5e87bad3c948f4d605d)
Start importing Assets/My_Assets/Nomadic_UV/Foe_Creature/Scene/BackDrop/BackDrop.fbx using Guid(b96115f275001ca4e8517fbec2210b60) Importer(2089858483,b0f066a214c2f5e87bad3c948f4d605d) (ScriptedImporter) -> (Import Result ID: '9c8e1ee4027c7b616d9175881869b141') in 0.1184998 seconds [static and dynamic dependencies]. Details - ImportResultOutputID=f6500e66f29f151138055ebdaca4706a DependenciesID=a359c5e731b907f917321b8a439b2d80 StaticDependenciesID=4ba34bbcb96d0646d37e9a567d4d6cc1 
Number of updated asset objects reloaded before import = 0Number of asset objects unloaded after import = 7

========================================================================
Received Import Request.
  Time since last request: 0.000020 seconds.
  path: Assets/My_Assets/Nomadic_UV/Foe_Creature/Texture/Foe_Emissive.png
  importAddress: Guid(51e0d6182e2f1ab4a9f6cadcfa513d23) Importer(2089858483,b0f066a214c2f5e87bad3c948f4d605d)
Start importing Assets/My_Assets/Nomadic_UV/Foe_Creature/Texture/Foe_Emissive.png using Guid(51e0d6182e2f1ab4a9f6cadcfa513d23) Importer(2089858483,b0f066a214c2f5e87bad3c948f4d605d) (ScriptedImporter) -> (Import Result ID: 'c4fb8c86fc40adaf2ca2b4428b6c62f9') in 0.036452 seconds [static and dynamic dependencies]. Details - ImportResultOutputID=3eae8728151018aa73bebdb6381088ab DependenciesID=2a7f0aae66e58ae01a80b7c92137490c StaticDependenciesID=98a254fe768cd6ef3437b142b52d32a4 
Number of updated asset objects reloaded before import = 0Number of asset objects unloaded after import = 1

========================================================================
Received Import Request.
  Time since last request: 0.000017 seconds.
  path: Assets/red.mat
  importAddress: Guid(ac6ffc59a348f6945aa63d273e7e6ff2) Importer(2089858483,b0f066a214c2f5e87bad3c948f4d605d)
Start importing Assets/red.mat using Guid(ac6ffc59a348f6945aa63d273e7e6ff2) Importer(2089858483,b0f066a214c2f5e87bad3c948f4d605d) (ScriptedImporter) -> (Import Result ID: 'c1ec06335efbed6f0191a22fe36bab5c') in 0.0441169 seconds [static and dynamic dependencies]. Details - ImportResultOutputID=db42043554ed85a1489d16985c00ba7f DependenciesID=dfb06e042b7ec388da0b144da2c25c76 StaticDependenciesID=416e4778d8157b8958725cef113d1003 
Number of updated asset objects reloaded before import = 0Number of asset objects unloaded after import = 1

========================================================================
Received Import Request.
  Time since last request: 0.000034 seconds.
  path: Assets/AlexMakes3D/Characters/Futuristic girl/Materials/Futurističü_Girl_Armor_Mask2.mat
  importAddress: Guid(75fe6e20863eaa54da340557ad496fee) Importer(2089858483,b0f066a214c2f5e87bad3c948f4d605d)
Start importing Assets/AlexMakes3D/Characters/Futuristic girl/Materials/Futurističü_Girl_Armor_Mask2.mat using Guid(75fe6e20863eaa54da340557ad496fee) Importer(2089858483,b0f066a214c2f5e87bad3c948f4d605d) (ScriptedImporter) -> (Import Result ID: '907c58a758f1f96ec3b01d0560b5a958') in 0.0218848 seconds [static and dynamic dependencies]. Details - ImportResultOutputID=b201fedf00455324153291cb369061bf DependenciesID=ed64822539eee1dbaa5b4193783fbdeb StaticDependenciesID=47b60b0d14f552515a654f98dbb327ae 
Number of updated asset objects reloaded before import = 0Number of asset objects unloaded after import = 2

========================================================================
Received Import Request.
  Time since last request: 0.000029 seconds.
  path: Assets/AlexMakes3D/Characters/Futuristic girl/Textures/Futurističü_Girl_Armor_Mask2.png
  importAddress: Guid(1f943dac066bda3409132000ae309b34) Importer(2089858483,b0f066a214c2f5e87bad3c948f4d605d)
Start importing Assets/AlexMakes3D/Characters/Futuristic girl/Textures/Futurističü_Girl_Armor_Mask2.png using Guid(1f943dac066bda3409132000ae309b34) Importer(2089858483,b0f066a214c2f5e87bad3c948f4d605d) (ScriptedImporter) -> (Import Result ID: '8b1bd8f4926f80dbf941e9c01980a3a8') in 0.016793 seconds [static and dynamic dependencies]. Details - ImportResultOutputID=7c82a520e1d284a2d768123065920308 DependenciesID=545c31622ab3a77bc39e2a8ae24aba87 StaticDependenciesID=b2ea5e41a6421f6e039bf354a44755c4 
Number of updated asset objects reloaded before import = 0Number of asset objects unloaded after import = 1

========================================================================
Received Import Request.
  Time since last request: 0.000059 seconds.
  path: Assets/AlexMakes3D/Characters/Futuristic girl/RenderSupport/URP.unitypackage
  importAddress: Guid(9275ab1448dd2354c8d5728a30c28fb2) Importer(2089858483,b0f066a214c2f5e87bad3c948f4d605d)
Start importing Assets/AlexMakes3D/Characters/Futuristic girl/RenderSupport/URP.unitypackage using Guid(9275ab1448dd2354c8d5728a30c28fb2) Importer(2089858483,b0f066a214c2f5e87bad3c948f4d605d) (ScriptedImporter) -> (Import Result ID: '6b722f387106af0f07c8b03a49261c52') in 0.0093841 seconds [static and dynamic dependencies]. Details - ImportResultOutputID=4feb3894dde392477847d587161224a7 DependenciesID=49d145e2f520716c217f94bfdab6b63d StaticDependenciesID=520eafb32556160ad1eecb43d775db33 
Number of updated asset objects reloaded before import = 0Number of asset objects unloaded after import = 1

========================================================================
Received Import Request.
  Time since last request: 0.000054 seconds.
  path: Assets/AlexMakes3D/Characters/Futuristic girl/Textures/Futurističü_Girl_Suit_AlbedoTransparency_A.png
  importAddress: Guid(4fb2f94fa869be14ca3cb2c9aec3828a) Importer(2089858483,b0f066a214c2f5e87bad3c948f4d605d)
Start importing Assets/AlexMakes3D/Characters/Futuristic girl/Textures/Futurističü_Girl_Suit_AlbedoTransparency_A.png using Guid(4fb2f94fa869be14ca3cb2c9aec3828a) Importer(2089858483,b0f066a214c2f5e87bad3c948f4d605d) (ScriptedImporter) -> (Import Result ID: 'a910699fe8082215618d8cd75ba6a8d3') in 0.0161545 seconds [static and dynamic dependencies]. Details - ImportResultOutputID=2c74d4b1162c470314219469fedf5475 DependenciesID=6113b615859ec40c5f1e622632121900 StaticDependenciesID=5625463df7dbc2dfaf5c47d2ddd6b59d 
Number of updated asset objects reloaded before import = 0Number of asset objects unloaded after import = 1

========================================================================
Received Import Request.
  Time since last request: 0.000019 seconds.
  path: Assets/11.unity
  importAddress: Guid(583073f6043aa644ba33925198caba41) Importer(2089858483,b0f066a214c2f5e87bad3c948f4d605d)
Start importing Assets/11.unity using Guid(583073f6043aa644ba33925198caba41) Importer(2089858483,b0f066a214c2f5e87bad3c948f4d605d) (ScriptedImporter) -> (Import Result ID: 'bc3e47dfa46c53f1e7a2606dc99d1563') in 0.0103554 seconds [static and dynamic dependencies]. Details - ImportResultOutputID=a9fbf5e20c7fb6dec34f4052234c5431 DependenciesID=6a0d3f93ad1f82d4a590645cc8ce39f5 StaticDependenciesID=22f3dba6c615a94b73b72cc08e01399c 
Number of updated asset objects reloaded before import = 0Number of asset objects unloaded after import = 1

========================================================================
Received Import Request.
  Time since last request: 0.000050 seconds.
  path: Assets/AlexMakes3D/Shaders/Built-in/AdvancedCharacterShader.shader
  importAddress: Guid(e7dd233ff5eb69548b2c18e34748a2ec) Importer(2089858483,b0f066a214c2f5e87bad3c948f4d605d)
Start importing Assets/AlexMakes3D/Shaders/Built-in/AdvancedCharacterShader.shader using Guid(e7dd233ff5eb69548b2c18e34748a2ec) Importer(2089858483,b0f066a214c2f5e87bad3c948f4d605d) (ScriptedImporter) -> (Import Result ID: '4611cec2acdc73379ac2a50078f95e81') in 0.0125569 seconds [static and dynamic dependencies]. Details - ImportResultOutputID=9bb2cc97853ff46040535906cc4facab DependenciesID=92fc98db90e58635e8ddbc5cd3c6521d StaticDependenciesID=081c21ef410f0fd2f7fb754191158e68 
Number of updated asset objects reloaded before import = 0Number of asset objects unloaded after import = 1

========================================================================
Received Import Request.
  Time since last request: 0.000040 seconds.
  path: Assets/AlexMakes3D/Characters/Futuristic girl/Textures/Futurističü_Girl_Suit_AlbedoTransparency_B.png
  importAddress: Guid(2842c848ad83b6d4aadf8f2ffcd44910) Importer(2089858483,b0f066a214c2f5e87bad3c948f4d605d)
Start importing Assets/AlexMakes3D/Characters/Futuristic girl/Textures/Futurističü_Girl_Suit_AlbedoTransparency_B.png using Guid(2842c848ad83b6d4aadf8f2ffcd44910) Importer(2089858483,b0f066a214c2f5e87bad3c948f4d605d) (ScriptedImporter) -> (Import Result ID: 'b61504f297c0baf42d170125e395852f') in 0.0161962 seconds [static and dynamic dependencies]. Details - ImportResultOutputID=45e919c1431352777a4822a3b13fe713 DependenciesID=2995d3903eed3ad0e66cd8ea0a15db68 StaticDependenciesID=78b42323edb841ca2ccf38f7c78e2ef2 
Number of updated asset objects reloaded before import = 0Number of asset objects unloaded after import = 1

========================================================================
Received Import Request.
  Time since last request: 0.000020 seconds.
  path: Assets/green.mat
  importAddress: Guid(d1d3bbd5313511d46a20abb7032dcb9c) Importer(2089858483,b0f066a214c2f5e87bad3c948f4d605d)
Start importing Assets/green.mat using Guid(d1d3bbd5313511d46a20abb7032dcb9c) Importer(2089858483,b0f066a214c2f5e87bad3c948f4d605d) (ScriptedImporter) -> (Import Result ID: '72e69156dfb81b4fa3e71121611054ac') in 0.0136937 seconds [static and dynamic dependencies]. Details - ImportResultOutputID=f9d39034fb89be2851b7a10e2eade2c3 DependenciesID=afdd0523b7da47e7cbe15e3d480ea7d3 StaticDependenciesID=159b1a6381b966af01d195bb5e886293 
Number of updated asset objects reloaded before import = 0Number of asset objects unloaded after import = 1

========================================================================
Received Import Request.
  Time since last request: 0.000033 seconds.
  path: Assets/yellow.mat
  importAddress: Guid(fd1cd88443f879b468e5d4b6dc81a434) Importer(2089858483,b0f066a214c2f5e87bad3c948f4d605d)
Start importing Assets/yellow.mat using Guid(fd1cd88443f879b468e5d4b6dc81a434) Importer(2089858483,b0f066a214c2f5e87bad3c948f4d605d) (ScriptedImporter) -> (Import Result ID: '35309e2cfb2ec413b1a12fffcfb5ee36') in 0.0147038 seconds [static and dynamic dependencies]. Details - ImportResultOutputID=01a4f2224ef156de4b23a8e73d6d5753 DependenciesID=b6f284d942077f850fe7965faf6e9288 StaticDependenciesID=f31b4e43d4dfd3f1a5217d649a32961d 
Number of updated asset objects reloaded before import = 0Number of asset objects unloaded after import = 1

========================================================================
Received Import Request.
  Time since last request: 0.000037 seconds.
  path: Assets/AlexMakes3D/Characters/Futuristic girl/Materials/Futuristic_Girl_Armor Pink.mat
  importAddress: Guid(d71e449c7909fd541a3cb7f499a66ae2) Importer(2089858483,b0f066a214c2f5e87bad3c948f4d605d)
Start importing Assets/AlexMakes3D/Characters/Futuristic girl/Materials/Futuristic_Girl_Armor Pink.mat using Guid(d71e449c7909fd541a3cb7f499a66ae2) Importer(2089858483,b0f066a214c2f5e87bad3c948f4d605d) (ScriptedImporter) -> (Import Result ID: 'dfc64a76f879cbe6b76bfb85d8088c3e') in 0.0612467 seconds [static and dynamic dependencies]. Details - ImportResultOutputID=0cfb4a42492fe339cf790bf650ee6a25 DependenciesID=5e854261931a0dd986c072d15a30e9ad StaticDependenciesID=d145c46641e1ba8752ad7fbc639fec01 
Number of updated asset objects reloaded before import = 0Number of asset objects unloaded after import = 6

========================================================================
Received Import Request.
  Time since last request: 0.000033 seconds.
  path: Assets/My_Assets/Nomadic_UV/Foe_Creature/Texture/Foe_Color.png
  importAddress: Guid(ae8854d4eebe8774e82bdb50e9c6451f) Importer(2089858483,b0f066a214c2f5e87bad3c948f4d605d)
Start importing Assets/My_Assets/Nomadic_UV/Foe_Creature/Texture/Foe_Color.png using Guid(ae8854d4eebe8774e82bdb50e9c6451f) Importer(2089858483,b0f066a214c2f5e87bad3c948f4d605d) (ScriptedImporter) -> (Import Result ID: '175e87db3659b2e3cb894ddf15866f55') in 0.017675 seconds [static and dynamic dependencies]. Details - ImportResultOutputID=c1e12d73cedc51b7862bea27d132b9be DependenciesID=86c6c60d30e33f7cc644e0cfae6c2b8d StaticDependenciesID=35f768a46d0a7ca786af1ca8c590d7c9 
Number of updated asset objects reloaded before import = 0Number of asset objects unloaded after import = 1

========================================================================
Received Import Request.
  Time since last request: 0.000028 seconds.
  path: Assets/My_Assets/Nomadic_UV/Foe_Creature/ReadMe.txt
  importAddress: Guid(906d2a1e739d5694091ba0919fb02437) Importer(2089858483,b0f066a214c2f5e87bad3c948f4d605d)
Start importing Assets/My_Assets/Nomadic_UV/Foe_Creature/ReadMe.txt using Guid(906d2a1e739d5694091ba0919fb02437) Importer(2089858483,b0f066a214c2f5e87bad3c948f4d605d) (ScriptedImporter) -> (Import Result ID: '6c8129dcbb0834790c884c3a41fde336') in 0.0108245 seconds [static and dynamic dependencies]. Details - ImportResultOutputID=50a362333935e5be65ae31b8d8997520 DependenciesID=d8fed4f8b96501f8f900d729e3513339 StaticDependenciesID=968fa0634703ae01f3eae9b1189c0429 
Number of updated asset objects reloaded before import = 0Number of asset objects unloaded after import = 1

========================================================================
Received Import Request.
  Time since last request: 0.000053 seconds.
  path: Assets/AlexMakes3D/Characters/Futuristic girl/Textures/Futurističü_Girl_Suit_MaskMap.png
  importAddress: Guid(e37fc0ae219c7f44eb011016efcce1c0) Importer(2089858483,b0f066a214c2f5e87bad3c948f4d605d)
Start importing Assets/AlexMakes3D/Characters/Futuristic girl/Textures/Futurističü_Girl_Suit_MaskMap.png using Guid(e37fc0ae219c7f44eb011016efcce1c0) Importer(2089858483,b0f066a214c2f5e87bad3c948f4d605d) (ScriptedImporter) -> (Import Result ID: 'dea18fc0b4e24410f434936182997b23') in 0.0313206 seconds [static and dynamic dependencies]. Details - ImportResultOutputID=22d767cac748f8b59c1dd2e228d0b9be DependenciesID=96d00300a6db4b815f8af8110b74b869 StaticDependenciesID=ca2a46c6e75a813b3282e6c045b1876d 
Number of updated asset objects reloaded before import = 0Number of asset objects unloaded after import = 1

Editor requested this worker to shutdown with reason: Scaling down because of idle timeout
AssetImportWorker is now disconnected from the server
Process exiting
Exiting without the bug reporter. Application will terminate with return code 0